<?xml version="1.0" encoding="UTF-8"?>
<testsuite name="com.algaworks.algashop.ordering.domain.model.customer.CustomerRegistrationServiceIT" tests="1" skipped="0" failures="0" errors="0" timestamp="2026-05-26T15:53:20.917Z" hostname="192.168.0.54" time="0.004">
  <properties/>
  <testcase name="shouldRegister()" classname="com.algaworks.algashop.ordering.domain.model.customer.CustomerRegistrationServiceIT" time="0.004"/>
  <system-out><![CDATA[2026-05-26T12:53:20.700-03:00  INFO 24128 --- [ordering] [    Test worker] t.c.s.AnnotationConfigContextLoaderUtils : Could not detect default configuration classes for test class [com.algaworks.algashop.ordering.domain.model.customer.CustomerRegistrationServiceIT]: CustomerRegistrationServiceIT does not declare any static, non-private, non-final, nested classes annotated with @Configuration.
2026-05-26T12:53:20.718-03:00  INFO 24128 --- [ordering] [    Test worker] .b.t.c.SpringBootTestContextBootstrapper : Found @SpringBootConfiguration com.algaworks.algashop.ordering.OrderingApplication for test class com.algaworks.algashop.ordering.domain.model.customer.CustomerRegistrationServiceIT

  .   ____          _            __ _ _
 /\\ / ___'_ __ _ _(_)_ __  __ _ \ \ \ \
( ( )\___ | '_ | '_| | '_ \/ _` | \ \ \ \
 \\/  ___)| |_)| | | | | || (_| |  ) ) ) )
  '  |____| .__|_| |_|_| |_\__, | / / / /
 =========|_|==============|___/=/_/_/_/

 :: Spring Boot ::               (v3.5.11)

2026-05-26T12:53:20.725-03:00  INFO 24128 --- [ordering] [    Test worker] .a.o.d.m.c.CustomerRegistrationServiceIT : Starting CustomerRegistrationServiceIT using Java 21.0.8 with PID 24128 (started by jucami90 in /Users/jucami90/Documents/Curso Microservicios/EMS/algashop/microservices/ordering)
2026-05-26T12:53:20.725-03:00  INFO 24128 --- [ordering] [    Test worker] .a.o.d.m.c.CustomerRegistrationServiceIT : The following 1 profile is active: "test"
2026-05-26T12:53:20.799-03:00  INFO 24128 --- [ordering] [    Test worker] .s.d.r.c.RepositoryConfigurationDelegate : Bootstrapping Spring Data JPA repositories in DEFAULT mode.
2026-05-26T12:53:20.815-03:00  INFO 24128 --- [ordering] [    Test worker] .s.d.r.c.RepositoryConfigurationDelegate : Finished Spring Data repository scanning in 15 ms. Found 3 JPA repository interfaces.
2026-05-26T12:53:20.835-03:00  INFO 24128 --- [ordering] [    Test worker] o.hibernate.jpa.internal.util.LogHelper  : HHH000204: Processing PersistenceUnitInfo [name: default]
2026-05-26T12:53:20.836-03:00  INFO 24128 --- [ordering] [    Test worker] o.h.c.internal.RegionFactoryInitiator    : HHH000026: Second-level cache disabled
2026-05-26T12:53:20.838-03:00  INFO 24128 --- [ordering] [    Test worker] o.s.o.j.p.SpringPersistenceUnitInfo      : No LoadTimeWeaver setup: ignoring JPA class transformer
2026-05-26T12:53:20.838-03:00  INFO 24128 --- [ordering] [    Test worker] com.zaxxer.hikari.HikariDataSource       : HikariPool-7 - Starting...
2026-05-26T12:53:20.839-03:00  INFO 24128 --- [ordering] [    Test worker] com.zaxxer.hikari.pool.HikariPool        : HikariPool-7 - Added connection conn57: url=jdbc:h2:mem:ordering-test user=SA
2026-05-26T12:53:20.839-03:00  INFO 24128 --- [ordering] [    Test worker] com.zaxxer.hikari.HikariDataSource       : HikariPool-7 - Start completed.
2026-05-26T12:53:20.839-03:00  WARN 24128 --- [ordering] [    Test worker] org.hibernate.orm.deprecation            : HHH90000025: H2Dialect does not need to be specified explicitly using 'hibernate.dialect' (remove the property setting and it will be selected by default)
2026-05-26T12:53:20.839-03:00  INFO 24128 --- [ordering] [    Test worker] org.hibernate.orm.connections.pooling    : HHH10001005: Database info:
	Database JDBC URL [Connecting through datasource 'HikariDataSource (HikariPool-7)']
	Database driver: undefined/unknown
	Database version: 2.3.232
	Autocommit mode: undefined/unknown
	Isolation level: undefined/unknown
	Minimum pool size: undefined/unknown
	Maximum pool size: undefined/unknown
2026-05-26T12:53:20.856-03:00  INFO 24128 --- [ordering] [    Test worker] o.h.e.t.j.p.i.JtaPlatformInitiator       : HHH000489: No JTA platform available (set 'hibernate.transaction.jta.platform' to enable JTA platform integration)
2026-05-26T12:53:20.858-03:00  INFO 24128 --- [ordering] [    Test worker] j.LocalContainerEntityManagerFactoryBean : Initialized JPA EntityManagerFactory for persistence unit 'default'
2026-05-26T12:53:20.904-03:00  WARN 24128 --- [ordering] [    Test worker] JpaBaseConfiguration$JpaWebConfiguration : spring.jpa.open-in-view is enabled by default. Therefore, database queries may be performed during view rendering. Explicitly configure spring.jpa.open-in-view to disable this warning
2026-05-26T12:53:20.913-03:00  INFO 24128 --- [ordering] [    Test worker] o.s.b.a.h2.H2ConsoleAutoConfiguration    : H2 console available at '/h2-console'. Database available at 'jdbc:h2:mem:ordering-test'
2026-05-26T12:53:20.917-03:00  INFO 24128 --- [ordering] [    Test worker] .a.o.d.m.c.CustomerRegistrationServiceIT : Started CustomerRegistrationServiceIT in 0.198 seconds (process running for 4.598)
Hibernate: select cpe1_0.id from "customer" cpe1_0 where cpe1_0.email=? and cpe1_0.id<>? fetch first ? rows only
]]></system-out>
  <system-err><![CDATA[]]></system-err>
</testsuite>
