<?xml version="1.0" encoding="UTF-8"?>
<testsuite name="com.algaworks.algashop.ordering.application.checkout.BuyNowApplicationServiceIT" tests="1" skipped="0" failures="0" errors="0" timestamp="2026-05-26T15:53:18.935Z" hostname="192.168.0.54" time="0.125">
  <properties/>
  <testcase name="shouldBuyNow()" classname="com.algaworks.algashop.ordering.application.checkout.BuyNowApplicationServiceIT" time="0.125"/>
  <system-out><![CDATA[Standard Commons Logging discovery in action with spring-jcl: please remove commons-logging.jar from classpath in order to avoid potential conflicts
12:53:16.708 [Test worker] INFO org.springframework.test.context.support.AnnotationConfigContextLoaderUtils -- Could not detect default configuration classes for test class [com.algaworks.algashop.ordering.application.checkout.BuyNowApplicationServiceIT]: BuyNowApplicationServiceIT does not declare any static, non-private, non-final, nested classes annotated with @Configuration.
12:53:16.769 [Test worker] INFO org.springframework.boot.test.context.SpringBootTestContextBootstrapper -- Found @SpringBootConfiguration com.algaworks.algashop.ordering.OrderingApplication for test class com.algaworks.algashop.ordering.application.checkout.BuyNowApplicationServiceIT

  .   ____          _            __ _ _
 /\\ / ___'_ __ _ _(_)_ __  __ _ \ \ \ \
( ( )\___ | '_ | '_| | '_ \/ _` | \ \ \ \
 \\/  ___)| |_)| | | | | || (_| |  ) ) ) )
  '  |____| .__|_| |_|_| |_\__, | / / / /
 =========|_|==============|___/=/_/_/_/

 :: Spring Boot ::               (v3.5.11)

2026-05-26T12:53:16.912-03:00  INFO 24128 --- [ordering] [    Test worker] c.a.a.o.a.c.BuyNowApplicationServiceIT   : Starting BuyNowApplicationServiceIT using Java 21.0.8 with PID 24128 (started by jucami90 in /Users/jucami90/Documents/Curso Microservicios/EMS/algashop/microservices/ordering)
2026-05-26T12:53:16.913-03:00  INFO 24128 --- [ordering] [    Test worker] c.a.a.o.a.c.BuyNowApplicationServiceIT   : The following 1 profile is active: "test"
2026-05-26T12:53:17.203-03:00  INFO 24128 --- [ordering] [    Test worker] .s.d.r.c.RepositoryConfigurationDelegate : Bootstrapping Spring Data JPA repositories in DEFAULT mode.
2026-05-26T12:53:17.243-03:00  INFO 24128 --- [ordering] [    Test worker] .s.d.r.c.RepositoryConfigurationDelegate : Finished Spring Data repository scanning in 37 ms. Found 3 JPA repository interfaces.
2026-05-26T12:53:17.562-03:00  INFO 24128 --- [ordering] [    Test worker] o.hibernate.jpa.internal.util.LogHelper  : HHH000204: Processing PersistenceUnitInfo [name: default]
2026-05-26T12:53:17.577-03:00  INFO 24128 --- [ordering] [    Test worker] org.hibernate.Version                    : HHH000412: Hibernate ORM core version 6.6.42.Final
2026-05-26T12:53:17.587-03:00  INFO 24128 --- [ordering] [    Test worker] o.h.c.internal.RegionFactoryInitiator    : HHH000026: Second-level cache disabled
2026-05-26T12:53:17.623-03:00  INFO 24128 --- [ordering] [    Test worker] o.s.o.j.p.SpringPersistenceUnitInfo      : No LoadTimeWeaver setup: ignoring JPA class transformer
2026-05-26T12:53:17.633-03:00  INFO 24128 --- [ordering] [    Test worker] com.zaxxer.hikari.HikariDataSource       : HikariPool-1 - Starting...
2026-05-26T12:53:17.693-03:00  INFO 24128 --- [ordering] [    Test worker] com.zaxxer.hikari.pool.HikariPool        : HikariPool-1 - Added connection conn0: url=jdbc:h2:mem:ordering-test user=SA
2026-05-26T12:53:17.693-03:00  INFO 24128 --- [ordering] [    Test worker] com.zaxxer.hikari.HikariDataSource       : HikariPool-1 - Start completed.
2026-05-26T12:53:17.701-03:00  WARN 24128 --- [ordering] [    Test worker] org.hibernate.orm.deprecation            : HHH90000025: H2Dialect does not need to be specified explicitly using 'hibernate.dialect' (remove the property setting and it will be selected by default)
2026-05-26T12:53:17.707-03:00  INFO 24128 --- [ordering] [    Test worker] org.hibernate.orm.connections.pooling    : HHH10001005: Database info:
	Database JDBC URL [Connecting through datasource 'HikariDataSource (HikariPool-1)']
	Database driver: undefined/unknown
	Database version: 2.3.232
	Autocommit mode: undefined/unknown
	Isolation level: undefined/unknown
	Minimum pool size: undefined/unknown
	Maximum pool size: undefined/unknown
2026-05-26T12:53:18.012-03:00  INFO 24128 --- [ordering] [    Test worker] o.h.e.t.j.p.i.JtaPlatformInitiator       : HHH000489: No JTA platform available (set 'hibernate.transaction.jta.platform' to enable JTA platform integration)
Hibernate: create table "customer" (id uuid not null, address_city varchar(255), address_complement varchar(255), address_neighborhood varchar(255), address_number varchar(255), address_state varchar(255), address_street varchar(255), address_zip_code varchar(255), archived boolean, archived_at timestamp(6) with time zone, birth_date date, created_by_user_id uuid, document varchar(255), email varchar(255), first_name varchar(255), last_modified_at timestamp(6) with time zone, last_modified_by_user_id uuid, last_name varchar(255), loyalty_points integer, phone varchar(255), promotion_notifications_allowed boolean, registered_at timestamp(6) with time zone, version bigint, primary key (id))
Hibernate: create table "order" (id bigint not null, billing_address_city varchar(255), billing_address_complement varchar(255), billing_address_neighborhood varchar(255), billing_address_number varchar(255), billing_address_state varchar(255), billing_address_street varchar(255), billing_address_zip_code varchar(255), billing_document varchar(255), billing_first_name varchar(255), billing_last_name varchar(255), billing_phone varchar(255), canceled_at timestamp(6) with time zone, created_by_user_id uuid, last_modified_at timestamp(6) with time zone, last_modified_by_user_id uuid, paid_at timestamp(6) with time zone, payment_method varchar(255), placed_at timestamp(6) with time zone, ready_at timestamp(6) with time zone, shipping_address_city varchar(255), shipping_address_complement varchar(255), shipping_address_neighborhood varchar(255), shipping_address_number varchar(255), shipping_address_state varchar(255), shipping_address_street varchar(255), shipping_address_zip_code varchar(255), shipping_cost numeric(38,2), shipping_expected_date date, shipping_recipient_document varchar(255), shipping_recipient_first_name varchar(255), shipping_recipient_last_name varchar(255), shipping_recipient_phone varchar(255), status varchar(255), total_amount numeric(38,2), total_items integer, version bigint, "customer_id" uuid not null, primary key (id))
Hibernate: create table order_item (id bigint not null, price numeric(38,2), product_id uuid, product_name varchar(255), quantity integer, total_amount numeric(38,2), "order_id" bigint not null, primary key (id))
Hibernate: create table "shopping_cart" (id uuid not null, created_at timestamp(6) with time zone, created_by_user_id uuid, last_modified_at timestamp(6) with time zone, last_modified_by_user_id uuid, total_amount numeric(38,2), total_items integer, version bigint, "customer_id" uuid not null, primary key (id))
Hibernate: create table shopping_cart_item (id uuid not null, available boolean, created_at timestamp(6) with time zone, created_by_user_id uuid, last_modified_at timestamp(6) with time zone, last_modified_by_user_id uuid, name varchar(255), price numeric(38,2), product_id uuid, quantity integer, total_amount numeric(38,2), version bigint, "shopping_cart_id" uuid not null, primary key (id))
Hibernate: alter table if exists "order" add constraint FKk1m6gjs4m7rtgb5lw01g35yca foreign key ("customer_id") references "customer"
Hibernate: alter table if exists order_item add constraint FKsgmrolp8skulmo2vyb20c4mfk foreign key ("order_id") references "order"
Hibernate: alter table if exists "shopping_cart" add constraint FK4mr2cgajvrb6bxssj4epf56v9 foreign key ("customer_id") references "customer"
Hibernate: alter table if exists shopping_cart_item add constraint FKsqefhxject71i5aea80s5vui9 foreign key ("shopping_cart_id") references "shopping_cart"
2026-05-26T12:53:18.037-03:00  INFO 24128 --- [ordering] [    Test worker] j.LocalContainerEntityManagerFactoryBean : Initialized JPA EntityManagerFactory for persistence unit 'default'
2026-05-26T12:53:18.121-03:00  INFO 24128 --- [ordering] [    Test worker] o.s.d.j.r.query.QueryEnhancerFactory     : Hibernate is in classpath; If applicable, HQL parser will be used.
2026-05-26T12:53:18.823-03:00  WARN 24128 --- [ordering] [    Test worker] JpaBaseConfiguration$JpaWebConfiguration : spring.jpa.open-in-view is enabled by default. Therefore, database queries may be performed during view rendering. Explicitly configure spring.jpa.open-in-view to disable this warning
2026-05-26T12:53:18.901-03:00  INFO 24128 --- [ordering] [    Test worker] o.s.b.a.h2.H2ConsoleAutoConfiguration    : H2 console available at '/h2-console'. Database available at 'jdbc:h2:mem:ordering-test'
2026-05-26T12:53:18.928-03:00  INFO 24128 --- [ordering] [    Test worker] c.a.a.o.a.c.BuyNowApplicationServiceIT   : Started BuyNowApplicationServiceIT in 2.113 seconds (process running for 2.608)
Hibernate: select count(*) from "customer" cpe1_0 where cpe1_0.id=?
Hibernate: select cpe1_0.id,cpe1_0.address_city,cpe1_0.address_complement,cpe1_0.address_neighborhood,cpe1_0.address_number,cpe1_0.address_state,cpe1_0.address_street,cpe1_0.address_zip_code,cpe1_0.archived,cpe1_0.archived_at,cpe1_0.birth_date,cpe1_0.created_by_user_id,cpe1_0.document,cpe1_0.email,cpe1_0.first_name,cpe1_0.last_modified_at,cpe1_0.last_modified_by_user_id,cpe1_0.last_name,cpe1_0.loyalty_points,cpe1_0.phone,cpe1_0.promotion_notifications_allowed,cpe1_0.registered_at,cpe1_0.version from "customer" cpe1_0 where cpe1_0.id=?
Hibernate: insert into "customer" (address_city,address_complement,address_neighborhood,address_number,address_state,address_street,address_zip_code,archived,archived_at,birth_date,created_by_user_id,document,email,first_name,last_modified_at,last_modified_by_user_id,last_name,loyalty_points,phone,promotion_notifications_allowed,registered_at,version,id) values (?,?,?,?,?,?,?,?,?,?,?,?,?,?,?,?,?,?,?,?,?,?,?)
Hibernate: select ope1_0.id,ope1_0.billing_address_city,ope1_0.billing_address_complement,ope1_0.billing_address_neighborhood,ope1_0.billing_address_number,ope1_0.billing_address_state,ope1_0.billing_address_street,ope1_0.billing_address_zip_code,ope1_0.billing_document,ope1_0.billing_first_name,ope1_0.billing_last_name,ope1_0.billing_phone,ope1_0.canceled_at,ope1_0.created_by_user_id,ope1_0."customer_id",c1_0.id,c1_0.address_city,c1_0.address_complement,c1_0.address_neighborhood,c1_0.address_number,c1_0.address_state,c1_0.address_street,c1_0.address_zip_code,c1_0.archived,c1_0.archived_at,c1_0.birth_date,c1_0.created_by_user_id,c1_0.document,c1_0.email,c1_0.first_name,c1_0.last_modified_at,c1_0.last_modified_by_user_id,c1_0.last_name,c1_0.loyalty_points,c1_0.phone,c1_0.promotion_notifications_allowed,c1_0.registered_at,c1_0.version,ope1_0.last_modified_at,ope1_0.last_modified_by_user_id,ope1_0.paid_at,ope1_0.payment_method,ope1_0.placed_at,ope1_0.ready_at,ope1_0.shipping_address_city,ope1_0.shipping_address_complement,ope1_0.shipping_address_neighborhood,ope1_0.shipping_address_number,ope1_0.shipping_address_state,ope1_0.shipping_address_street,ope1_0.shipping_address_zip_code,ope1_0.shipping_cost,ope1_0.shipping_expected_date,ope1_0.shipping_recipient_document,ope1_0.shipping_recipient_first_name,ope1_0.shipping_recipient_last_name,ope1_0.shipping_recipient_phone,ope1_0.status,ope1_0.total_amount,ope1_0.total_items,ope1_0.version from "order" ope1_0 join "customer" c1_0 on c1_0.id=ope1_0."customer_id" where ope1_0.id=?
Hibernate: insert into "order" (billing_address_city,billing_address_complement,billing_address_neighborhood,billing_address_number,billing_address_state,billing_address_street,billing_address_zip_code,billing_document,billing_first_name,billing_last_name,billing_phone,canceled_at,created_by_user_id,"customer_id",last_modified_at,last_modified_by_user_id,paid_at,payment_method,placed_at,ready_at,shipping_address_city,shipping_address_complement,shipping_address_neighborhood,shipping_address_number,shipping_address_state,shipping_address_street,shipping_address_zip_code,shipping_cost,shipping_expected_date,shipping_recipient_document,shipping_recipient_first_name,shipping_recipient_last_name,shipping_recipient_phone,status,total_amount,total_items,version,id) values (?,?,?,?,?,?,?,?,?,?,?,?,?,?,?,?,?,?,?,?,?,?,?,?,?,?,?,?,?,?,?,?,?,?,?,?,?,?)
Hibernate: insert into order_item ("order_id",price,product_id,product_name,quantity,total_amount,id) values (?,?,?,?,?,?,?)
2026-05-26T12:53:19.036-03:00  INFO 24128 --- [ordering] [    Test worker] c.a.a.o.i.l.order.OrderEventListener     : CustomerRegisteredEvent listen PlacedEvent
Hibernate: select count(*) from "order" ope1_0 where ope1_0.id=?
]]></system-out>
  <system-err><![CDATA[]]></system-err>
</testsuite>
