<?xml version="1.0" encoding="UTF-8"?>
<testsuite name="com.algaworks.algashop.ordering.infrastructure.persistence.provider.ShoppingCartUpdateProviderIT" tests="2" skipped="0" failures="0" errors="0" timestamp="2026-05-26T11:41:26.969Z" hostname="192.168.0.54" time="0.173">
  <properties/>
  <testcase name="shouldUpdateItemPriceAndTotalAmount()" classname="com.algaworks.algashop.ordering.infrastructure.persistence.provider.ShoppingCartUpdateProviderIT" time="0.019"/>
  <testcase name="shouldUpdateItemAvailability()" classname="com.algaworks.algashop.ordering.infrastructure.persistence.provider.ShoppingCartUpdateProviderIT" time="0.01"/>
  <system-out><![CDATA[2026-05-26T08:41:26.830-03:00  INFO 19410 --- [ordering] [    Test worker] t.c.s.AnnotationConfigContextLoaderUtils : Could not detect default configuration classes for test class [com.algaworks.algashop.ordering.infrastructure.persistence.provider.ShoppingCartUpdateProviderIT]: ShoppingCartUpdateProviderIT does not declare any static, non-private, non-final, nested classes annotated with @Configuration.
2026-05-26T08:41:26.832-03:00  INFO 19410 --- [ordering] [    Test worker] .b.t.c.SpringBootTestContextBootstrapper : Found @SpringBootConfiguration com.algaworks.algashop.ordering.OrderingApplication for test class com.algaworks.algashop.ordering.infrastructure.persistence.provider.ShoppingCartUpdateProviderIT

  .   ____          _            __ _ _
 /\\ / ___'_ __ _ _(_)_ __  __ _ \ \ \ \
( ( )\___ | '_ | '_| | '_ \/ _` | \ \ \ \
 \\/  ___)| |_)| | | | | || (_| |  ) ) ) )
  '  |____| .__|_| |_|_| |_\__, | / / / /
 =========|_|==============|___/=/_/_/_/

 :: Spring Boot ::               (v3.5.11)

2026-05-26T08:41:26.838-03:00  INFO 19410 --- [ordering] [    Test worker] a.a.o.i.p.p.ShoppingCartUpdateProviderIT : Starting ShoppingCartUpdateProviderIT using Java 21.0.8 with PID 19410 (started by jucami90 in /Users/jucami90/Documents/Curso Microservicios/EMS/algashop/microservices/ordering)
2026-05-26T08:41:26.838-03:00  INFO 19410 --- [ordering] [    Test worker] a.a.o.i.p.p.ShoppingCartUpdateProviderIT : The following 1 profile is active: "test"
2026-05-26T08:41:26.898-03:00  INFO 19410 --- [ordering] [    Test worker] .s.d.r.c.RepositoryConfigurationDelegate : Bootstrapping Spring Data JPA repositories in DEFAULT mode.
2026-05-26T08:41:26.911-03:00  INFO 19410 --- [ordering] [    Test worker] .s.d.r.c.RepositoryConfigurationDelegate : Finished Spring Data repository scanning in 12 ms. Found 3 JPA repository interfaces.
2026-05-26T08:41:26.914-03:00  INFO 19410 --- [ordering] [    Test worker] beddedDataSourceBeanFactoryPostProcessor : Replacing 'dataSource' DataSource bean with embedded version
2026-05-26T08:41:26.916-03:00  INFO 19410 --- [ordering] [    Test worker] o.s.j.d.e.EmbeddedDatabaseFactory        : Starting embedded database: url='jdbc:h2:mem:0832c7d3-9969-4638-827a-9cd70dd67dac;DB_CLOSE_DELAY=-1;DB_CLOSE_ON_EXIT=false', username='sa'
2026-05-26T08:41:26.928-03:00  INFO 19410 --- [ordering] [    Test worker] o.hibernate.jpa.internal.util.LogHelper  : HHH000204: Processing PersistenceUnitInfo [name: default]
2026-05-26T08:41:26.928-03:00  INFO 19410 --- [ordering] [    Test worker] o.h.c.internal.RegionFactoryInitiator    : HHH000026: Second-level cache disabled
2026-05-26T08:41:26.930-03:00  INFO 19410 --- [ordering] [    Test worker] o.s.o.j.p.SpringPersistenceUnitInfo      : No LoadTimeWeaver setup: ignoring JPA class transformer
2026-05-26T08:41:26.931-03:00  WARN 19410 --- [ordering] [    Test worker] org.hibernate.orm.deprecation            : HHH90000025: H2Dialect does not need to be specified explicitly using 'hibernate.dialect' (remove the property setting and it will be selected by default)
2026-05-26T08:41:26.931-03:00  INFO 19410 --- [ordering] [    Test worker] org.hibernate.orm.connections.pooling    : HHH10001005: Database info:
	Database JDBC URL [Connecting through datasource 'org.springframework.jdbc.datasource.embedded.EmbeddedDatabaseFactory$EmbeddedDataSourceProxy@2e83f3f5']
	Database driver: undefined/unknown
	Database version: 2.3.232
	Autocommit mode: undefined/unknown
	Isolation level: undefined/unknown
	Minimum pool size: undefined/unknown
	Maximum pool size: undefined/unknown
2026-05-26T08:41:26.947-03:00  INFO 19410 --- [ordering] [    Test worker] o.h.e.t.j.p.i.JtaPlatformInitiator       : HHH000489: No JTA platform available (set 'hibernate.transaction.jta.platform' to enable JTA platform integration)
Hibernate: create table "customer" (id uuid not null, address_city varchar(255), address_complement varchar(255), address_neighborhood varchar(255), address_number varchar(255), address_state varchar(255), address_street varchar(255), address_zip_code varchar(255), archived boolean, archived_at timestamp(6) with time zone, birth_date date, created_by_user_id uuid, document varchar(255), email varchar(255), first_name varchar(255), last_modified_at timestamp(6) with time zone, last_modified_by_user_id uuid, last_name varchar(255), loyalty_points integer, phone varchar(255), promotion_notifications_allowed boolean, registered_at timestamp(6) with time zone, version bigint, primary key (id))
Hibernate: create table "order" (id bigint not null, billing_address_city varchar(255), billing_address_complement varchar(255), billing_address_neighborhood varchar(255), billing_address_number varchar(255), billing_address_state varchar(255), billing_address_street varchar(255), billing_address_zip_code varchar(255), billing_document varchar(255), billing_first_name varchar(255), billing_last_name varchar(255), billing_phone varchar(255), canceled_at timestamp(6) with time zone, created_by_user_id uuid, last_modified_at timestamp(6) with time zone, last_modified_by_user_id uuid, paid_at timestamp(6) with time zone, payment_method varchar(255), placed_at timestamp(6) with time zone, ready_at timestamp(6) with time zone, shipping_address_city varchar(255), shipping_address_complement varchar(255), shipping_address_neighborhood varchar(255), shipping_address_number varchar(255), shipping_address_state varchar(255), shipping_address_street varchar(255), shipping_address_zip_code varchar(255), shipping_cost numeric(38,2), shipping_expected_date date, shipping_recipient_document varchar(255), shipping_recipient_first_name varchar(255), shipping_recipient_last_name varchar(255), shipping_recipient_phone varchar(255), status varchar(255), total_amount numeric(38,2), total_items integer, version bigint, "customer_id" uuid not null, primary key (id))
Hibernate: create table order_item (id bigint not null, price numeric(38,2), product_id uuid, product_name varchar(255), quantity integer, total_amount numeric(38,2), "order_id" bigint not null, primary key (id))
Hibernate: create table "shopping_cart" (id uuid not null, created_at timestamp(6) with time zone, created_by_user_id uuid, last_modified_at timestamp(6) with time zone, last_modified_by_user_id uuid, total_amount numeric(38,2), total_items integer, version bigint, "customer_id" uuid not null, primary key (id))
Hibernate: create table shopping_cart_item (id uuid not null, available boolean, created_at timestamp(6) with time zone, created_by_user_id uuid, last_modified_at timestamp(6) with time zone, last_modified_by_user_id uuid, name varchar(255), price numeric(38,2), product_id uuid, quantity integer, total_amount numeric(38,2), version bigint, "shopping_cart_id" uuid not null, primary key (id))
Hibernate: alter table if exists "order" add constraint FKk1m6gjs4m7rtgb5lw01g35yca foreign key ("customer_id") references "customer"
Hibernate: alter table if exists order_item add constraint FKsgmrolp8skulmo2vyb20c4mfk foreign key ("order_id") references "order"
Hibernate: alter table if exists "shopping_cart" add constraint FK4mr2cgajvrb6bxssj4epf56v9 foreign key ("customer_id") references "customer"
Hibernate: alter table if exists shopping_cart_item add constraint FKsqefhxject71i5aea80s5vui9 foreign key ("shopping_cart_id") references "shopping_cart"
2026-05-26T08:41:26.951-03:00  INFO 19410 --- [ordering] [    Test worker] j.LocalContainerEntityManagerFactoryBean : Initialized JPA EntityManagerFactory for persistence unit 'default'
2026-05-26T08:41:26.968-03:00  INFO 19410 --- [ordering] [    Test worker] a.a.o.i.p.p.ShoppingCartUpdateProviderIT : Started ShoppingCartUpdateProviderIT in 0.136 seconds (process running for 4.918)
Hibernate: select count(*) from "customer" cpe1_0 where cpe1_0.id=?
Hibernate: select cpe1_0.id,cpe1_0.address_city,cpe1_0.address_complement,cpe1_0.address_neighborhood,cpe1_0.address_number,cpe1_0.address_state,cpe1_0.address_street,cpe1_0.address_zip_code,cpe1_0.archived,cpe1_0.archived_at,cpe1_0.birth_date,cpe1_0.created_by_user_id,cpe1_0.document,cpe1_0.email,cpe1_0.first_name,cpe1_0.last_modified_at,cpe1_0.last_modified_by_user_id,cpe1_0.last_name,cpe1_0.loyalty_points,cpe1_0.phone,cpe1_0.promotion_notifications_allowed,cpe1_0.registered_at,cpe1_0.version from "customer" cpe1_0 where cpe1_0.id=?
Hibernate: insert into "customer" (address_city,address_complement,address_neighborhood,address_number,address_state,address_street,address_zip_code,archived,archived_at,birth_date,created_by_user_id,document,email,first_name,last_modified_at,last_modified_by_user_id,last_name,loyalty_points,phone,promotion_notifications_allowed,registered_at,version,id) values (?,?,?,?,?,?,?,?,?,?,?,?,?,?,?,?,?,?,?,?,?,?,?)
Hibernate: select scpe1_0.id,scpe1_0.created_at,scpe1_0.created_by_user_id,scpe1_0."customer_id",c1_0.id,c1_0.address_city,c1_0.address_complement,c1_0.address_neighborhood,c1_0.address_number,c1_0.address_state,c1_0.address_street,c1_0.address_zip_code,c1_0.archived,c1_0.archived_at,c1_0.birth_date,c1_0.created_by_user_id,c1_0.document,c1_0.email,c1_0.first_name,c1_0.last_modified_at,c1_0.last_modified_by_user_id,c1_0.last_name,c1_0.loyalty_points,c1_0.phone,c1_0.promotion_notifications_allowed,c1_0.registered_at,c1_0.version,scpe1_0.last_modified_at,scpe1_0.last_modified_by_user_id,scpe1_0.total_amount,scpe1_0.total_items,scpe1_0.version from "shopping_cart" scpe1_0 join "customer" c1_0 on c1_0.id=scpe1_0."customer_id" where scpe1_0.id=?
Hibernate: insert into "shopping_cart" (created_at,created_by_user_id,"customer_id",last_modified_at,last_modified_by_user_id,total_amount,total_items,version,id) values (?,?,?,?,?,?,?,?,?)
Hibernate: insert into shopping_cart_item (available,created_at,created_by_user_id,last_modified_at,last_modified_by_user_id,name,price,product_id,quantity,"shopping_cart_id",total_amount,version,id) values (?,?,?,?,?,?,?,?,?,?,?,?,?)
Hibernate: insert into shopping_cart_item (available,created_at,created_by_user_id,last_modified_at,last_modified_by_user_id,name,price,product_id,quantity,"shopping_cart_id",total_amount,version,id) values (?,?,?,?,?,?,?,?,?,?,?,?,?)
Hibernate: update shopping_cart_item scipe1_0 set price=?,total_amount=(cast(? as numeric(6,2))*scipe1_0.quantity) where scipe1_0.product_id=?
Hibernate: update "shopping_cart" scpe1_0 set total_amount=(select sum(scipe1_0.total_amount) from shopping_cart_item scipe1_0 where scipe1_0."shopping_cart_id"=scpe1_0.id) where exists(select 1 from shopping_cart_item scipe2_0 where scipe2_0."shopping_cart_id"=scpe1_0.id and scipe2_0.product_id=?)
Hibernate: select scpe1_0.id,scpe1_0.created_at,scpe1_0.created_by_user_id,scpe1_0."customer_id",c1_0.id,c1_0.address_city,c1_0.address_complement,c1_0.address_neighborhood,c1_0.address_number,c1_0.address_state,c1_0.address_street,c1_0.address_zip_code,c1_0.archived,c1_0.archived_at,c1_0.birth_date,c1_0.created_by_user_id,c1_0.document,c1_0.email,c1_0.first_name,c1_0.last_modified_at,c1_0.last_modified_by_user_id,c1_0.last_name,c1_0.loyalty_points,c1_0.phone,c1_0.promotion_notifications_allowed,c1_0.registered_at,c1_0.version,scpe1_0.last_modified_at,scpe1_0.last_modified_by_user_id,scpe1_0.total_amount,scpe1_0.total_items,scpe1_0.version from "shopping_cart" scpe1_0 join "customer" c1_0 on c1_0.id=scpe1_0."customer_id" where scpe1_0.id=?
Hibernate: select i1_0."shopping_cart_id",i1_0.id,i1_0.available,i1_0.created_at,i1_0.created_by_user_id,i1_0.last_modified_at,i1_0.last_modified_by_user_id,i1_0.name,i1_0.price,i1_0.product_id,i1_0.quantity,i1_0.total_amount,i1_0.version from shopping_cart_item i1_0 where i1_0."shopping_cart_id"=?
2026-05-26T08:41:26.988-03:00  INFO 19410 --- [ordering] [    Test worker] j.LocalContainerEntityManagerFactoryBean : Closing JPA EntityManagerFactory for persistence unit 'default'

  .   ____          _            __ _ _
 /\\ / ___'_ __ _ _(_)_ __  __ _ \ \ \ \
( ( )\___ | '_ | '_| | '_ \/ _` | \ \ \ \
 \\/  ___)| |_)| | | | | || (_| |  ) ) ) )
  '  |____| .__|_| |_|_| |_\__, | / / / /
 =========|_|==============|___/=/_/_/_/

 :: Spring Boot ::               (v3.5.11)

2026-05-26T08:41:26.996-03:00  INFO 19410 --- [ordering] [    Test worker] a.a.o.i.p.p.ShoppingCartUpdateProviderIT : Starting ShoppingCartUpdateProviderIT using Java 21.0.8 with PID 19410 (started by jucami90 in /Users/jucami90/Documents/Curso Microservicios/EMS/algashop/microservices/ordering)
2026-05-26T08:41:26.996-03:00  INFO 19410 --- [ordering] [    Test worker] a.a.o.i.p.p.ShoppingCartUpdateProviderIT : The following 1 profile is active: "test"
2026-05-26T08:41:27.055-03:00  INFO 19410 --- [ordering] [    Test worker] .s.d.r.c.RepositoryConfigurationDelegate : Bootstrapping Spring Data JPA repositories in DEFAULT mode.
2026-05-26T08:41:27.074-03:00  INFO 19410 --- [ordering] [    Test worker] .s.d.r.c.RepositoryConfigurationDelegate : Finished Spring Data repository scanning in 18 ms. Found 3 JPA repository interfaces.
2026-05-26T08:41:27.077-03:00  INFO 19410 --- [ordering] [    Test worker] beddedDataSourceBeanFactoryPostProcessor : Replacing 'dataSource' DataSource bean with embedded version
2026-05-26T08:41:27.079-03:00  INFO 19410 --- [ordering] [    Test worker] o.s.j.d.e.EmbeddedDatabaseFactory        : Starting embedded database: url='jdbc:h2:mem:145b1250-f29b-405b-992d-99dd28a32b06;DB_CLOSE_DELAY=-1;DB_CLOSE_ON_EXIT=false', username='sa'
2026-05-26T08:41:27.090-03:00  INFO 19410 --- [ordering] [    Test worker] o.hibernate.jpa.internal.util.LogHelper  : HHH000204: Processing PersistenceUnitInfo [name: default]
2026-05-26T08:41:27.090-03:00  INFO 19410 --- [ordering] [    Test worker] o.h.c.internal.RegionFactoryInitiator    : HHH000026: Second-level cache disabled
2026-05-26T08:41:27.092-03:00  INFO 19410 --- [ordering] [    Test worker] o.s.o.j.p.SpringPersistenceUnitInfo      : No LoadTimeWeaver setup: ignoring JPA class transformer
2026-05-26T08:41:27.093-03:00  WARN 19410 --- [ordering] [    Test worker] org.hibernate.orm.deprecation            : HHH90000025: H2Dialect does not need to be specified explicitly using 'hibernate.dialect' (remove the property setting and it will be selected by default)
2026-05-26T08:41:27.093-03:00  INFO 19410 --- [ordering] [    Test worker] org.hibernate.orm.connections.pooling    : HHH10001005: Database info:
	Database JDBC URL [Connecting through datasource 'org.springframework.jdbc.datasource.embedded.EmbeddedDatabaseFactory$EmbeddedDataSourceProxy@3df8c3e9']
	Database driver: undefined/unknown
	Database version: 2.3.232
	Autocommit mode: undefined/unknown
	Isolation level: undefined/unknown
	Minimum pool size: undefined/unknown
	Maximum pool size: undefined/unknown
2026-05-26T08:41:27.110-03:00  INFO 19410 --- [ordering] [    Test worker] o.h.e.t.j.p.i.JtaPlatformInitiator       : HHH000489: No JTA platform available (set 'hibernate.transaction.jta.platform' to enable JTA platform integration)
Hibernate: create table "customer" (id uuid not null, address_city varchar(255), address_complement varchar(255), address_neighborhood varchar(255), address_number varchar(255), address_state varchar(255), address_street varchar(255), address_zip_code varchar(255), archived boolean, archived_at timestamp(6) with time zone, birth_date date, created_by_user_id uuid, document varchar(255), email varchar(255), first_name varchar(255), last_modified_at timestamp(6) with time zone, last_modified_by_user_id uuid, last_name varchar(255), loyalty_points integer, phone varchar(255), promotion_notifications_allowed boolean, registered_at timestamp(6) with time zone, version bigint, primary key (id))
Hibernate: create table "order" (id bigint not null, billing_address_city varchar(255), billing_address_complement varchar(255), billing_address_neighborhood varchar(255), billing_address_number varchar(255), billing_address_state varchar(255), billing_address_street varchar(255), billing_address_zip_code varchar(255), billing_document varchar(255), billing_first_name varchar(255), billing_last_name varchar(255), billing_phone varchar(255), canceled_at timestamp(6) with time zone, created_by_user_id uuid, last_modified_at timestamp(6) with time zone, last_modified_by_user_id uuid, paid_at timestamp(6) with time zone, payment_method varchar(255), placed_at timestamp(6) with time zone, ready_at timestamp(6) with time zone, shipping_address_city varchar(255), shipping_address_complement varchar(255), shipping_address_neighborhood varchar(255), shipping_address_number varchar(255), shipping_address_state varchar(255), shipping_address_street varchar(255), shipping_address_zip_code varchar(255), shipping_cost numeric(38,2), shipping_expected_date date, shipping_recipient_document varchar(255), shipping_recipient_first_name varchar(255), shipping_recipient_last_name varchar(255), shipping_recipient_phone varchar(255), status varchar(255), total_amount numeric(38,2), total_items integer, version bigint, "customer_id" uuid not null, primary key (id))
Hibernate: create table order_item (id bigint not null, price numeric(38,2), product_id uuid, product_name varchar(255), quantity integer, total_amount numeric(38,2), "order_id" bigint not null, primary key (id))
Hibernate: create table "shopping_cart" (id uuid not null, created_at timestamp(6) with time zone, created_by_user_id uuid, last_modified_at timestamp(6) with time zone, last_modified_by_user_id uuid, total_amount numeric(38,2), total_items integer, version bigint, "customer_id" uuid not null, primary key (id))
Hibernate: create table shopping_cart_item (id uuid not null, available boolean, created_at timestamp(6) with time zone, created_by_user_id uuid, last_modified_at timestamp(6) with time zone, last_modified_by_user_id uuid, name varchar(255), price numeric(38,2), product_id uuid, quantity integer, total_amount numeric(38,2), version bigint, "shopping_cart_id" uuid not null, primary key (id))
Hibernate: alter table if exists "order" add constraint FKk1m6gjs4m7rtgb5lw01g35yca foreign key ("customer_id") references "customer"
Hibernate: alter table if exists order_item add constraint FKsgmrolp8skulmo2vyb20c4mfk foreign key ("order_id") references "order"
Hibernate: alter table if exists "shopping_cart" add constraint FK4mr2cgajvrb6bxssj4epf56v9 foreign key ("customer_id") references "customer"
Hibernate: alter table if exists shopping_cart_item add constraint FKsqefhxject71i5aea80s5vui9 foreign key ("shopping_cart_id") references "shopping_cart"
2026-05-26T08:41:27.113-03:00  INFO 19410 --- [ordering] [    Test worker] j.LocalContainerEntityManagerFactoryBean : Initialized JPA EntityManagerFactory for persistence unit 'default'
2026-05-26T08:41:27.132-03:00  INFO 19410 --- [ordering] [    Test worker] a.a.o.i.p.p.ShoppingCartUpdateProviderIT : Started ShoppingCartUpdateProviderIT in 0.143 seconds (process running for 5.082)
Hibernate: select count(*) from "customer" cpe1_0 where cpe1_0.id=?
Hibernate: select cpe1_0.id,cpe1_0.address_city,cpe1_0.address_complement,cpe1_0.address_neighborhood,cpe1_0.address_number,cpe1_0.address_state,cpe1_0.address_street,cpe1_0.address_zip_code,cpe1_0.archived,cpe1_0.archived_at,cpe1_0.birth_date,cpe1_0.created_by_user_id,cpe1_0.document,cpe1_0.email,cpe1_0.first_name,cpe1_0.last_modified_at,cpe1_0.last_modified_by_user_id,cpe1_0.last_name,cpe1_0.loyalty_points,cpe1_0.phone,cpe1_0.promotion_notifications_allowed,cpe1_0.registered_at,cpe1_0.version from "customer" cpe1_0 where cpe1_0.id=?
Hibernate: insert into "customer" (address_city,address_complement,address_neighborhood,address_number,address_state,address_street,address_zip_code,archived,archived_at,birth_date,created_by_user_id,document,email,first_name,last_modified_at,last_modified_by_user_id,last_name,loyalty_points,phone,promotion_notifications_allowed,registered_at,version,id) values (?,?,?,?,?,?,?,?,?,?,?,?,?,?,?,?,?,?,?,?,?,?,?)
Hibernate: select scpe1_0.id,scpe1_0.created_at,scpe1_0.created_by_user_id,scpe1_0."customer_id",c1_0.id,c1_0.address_city,c1_0.address_complement,c1_0.address_neighborhood,c1_0.address_number,c1_0.address_state,c1_0.address_street,c1_0.address_zip_code,c1_0.archived,c1_0.archived_at,c1_0.birth_date,c1_0.created_by_user_id,c1_0.document,c1_0.email,c1_0.first_name,c1_0.last_modified_at,c1_0.last_modified_by_user_id,c1_0.last_name,c1_0.loyalty_points,c1_0.phone,c1_0.promotion_notifications_allowed,c1_0.registered_at,c1_0.version,scpe1_0.last_modified_at,scpe1_0.last_modified_by_user_id,scpe1_0.total_amount,scpe1_0.total_items,scpe1_0.version from "shopping_cart" scpe1_0 join "customer" c1_0 on c1_0.id=scpe1_0."customer_id" where scpe1_0.id=?
Hibernate: insert into "shopping_cart" (created_at,created_by_user_id,"customer_id",last_modified_at,last_modified_by_user_id,total_amount,total_items,version,id) values (?,?,?,?,?,?,?,?,?)
Hibernate: insert into shopping_cart_item (available,created_at,created_by_user_id,last_modified_at,last_modified_by_user_id,name,price,product_id,quantity,"shopping_cart_id",total_amount,version,id) values (?,?,?,?,?,?,?,?,?,?,?,?,?)
Hibernate: insert into shopping_cart_item (available,created_at,created_by_user_id,last_modified_at,last_modified_by_user_id,name,price,product_id,quantity,"shopping_cart_id",total_amount,version,id) values (?,?,?,?,?,?,?,?,?,?,?,?,?)
Hibernate: update shopping_cart_item scipe1_0 set available=? where scipe1_0.product_id=?
Hibernate: select scpe1_0.id,scpe1_0.created_at,scpe1_0.created_by_user_id,scpe1_0."customer_id",c1_0.id,c1_0.address_city,c1_0.address_complement,c1_0.address_neighborhood,c1_0.address_number,c1_0.address_state,c1_0.address_street,c1_0.address_zip_code,c1_0.archived,c1_0.archived_at,c1_0.birth_date,c1_0.created_by_user_id,c1_0.document,c1_0.email,c1_0.first_name,c1_0.last_modified_at,c1_0.last_modified_by_user_id,c1_0.last_name,c1_0.loyalty_points,c1_0.phone,c1_0.promotion_notifications_allowed,c1_0.registered_at,c1_0.version,scpe1_0.last_modified_at,scpe1_0.last_modified_by_user_id,scpe1_0.total_amount,scpe1_0.total_items,scpe1_0.version from "shopping_cart" scpe1_0 join "customer" c1_0 on c1_0.id=scpe1_0."customer_id" where scpe1_0.id=?
Hibernate: select i1_0."shopping_cart_id",i1_0.id,i1_0.available,i1_0.created_at,i1_0.created_by_user_id,i1_0.last_modified_at,i1_0.last_modified_by_user_id,i1_0.name,i1_0.price,i1_0.product_id,i1_0.quantity,i1_0.total_amount,i1_0.version from shopping_cart_item i1_0 where i1_0."shopping_cart_id"=?
2026-05-26T08:41:27.142-03:00  INFO 19410 --- [ordering] [    Test worker] j.LocalContainerEntityManagerFactoryBean : Closing JPA EntityManagerFactory for persistence unit 'default'
]]></system-out>
  <system-err><![CDATA[]]></system-err>
</testsuite>
