<?xml version="1.0" encoding="UTF-8"?>
<testsuite name="com.algaworks.algashop.ordering.infrastructure.listener.customer.CustomerEventListenerIT" tests="2" skipped="0" failures="0" errors="0" timestamp="2026-05-26T15:53:21.529Z" hostname="192.168.0.54" time="0.003">
  <properties/>
  <testcase name="shouldListenCustomerRegisteredEvent()" classname="com.algaworks.algashop.ordering.infrastructure.listener.customer.CustomerEventListenerIT" time="0.002"/>
  <testcase name="shouldListenOrderReadyEvent()" classname="com.algaworks.algashop.ordering.infrastructure.listener.customer.CustomerEventListenerIT" time="0.001"/>
  <system-out><![CDATA[2026-05-26T12:53:21.329-03:00  INFO 24128 --- [ordering] [    Test worker] t.c.s.AnnotationConfigContextLoaderUtils : Could not detect default configuration classes for test class [com.algaworks.algashop.ordering.infrastructure.listener.customer.CustomerEventListenerIT]: CustomerEventListenerIT does not declare any static, non-private, non-final, nested classes annotated with @Configuration.
2026-05-26T12:53:21.343-03:00  INFO 24128 --- [ordering] [    Test worker] .b.t.c.SpringBootTestContextBootstrapper : Found @SpringBootConfiguration com.algaworks.algashop.ordering.OrderingApplication for test class com.algaworks.algashop.ordering.infrastructure.listener.customer.CustomerEventListenerIT

  .   ____          _            __ _ _
 /\\ / ___'_ __ _ _(_)_ __  __ _ \ \ \ \
( ( )\___ | '_ | '_| | '_ \/ _` | \ \ \ \
 \\/  ___)| |_)| | | | | || (_| |  ) ) ) )
  '  |____| .__|_| |_|_| |_\__, | / / / /
 =========|_|==============|___/=/_/_/_/

 :: Spring Boot ::               (v3.5.11)

2026-05-26T12:53:21.349-03:00  INFO 24128 --- [ordering] [    Test worker] c.a.a.o.i.l.c.CustomerEventListenerIT    : Starting CustomerEventListenerIT using Java 21.0.8 with PID 24128 (started by jucami90 in /Users/jucami90/Documents/Curso Microservicios/EMS/algashop/microservices/ordering)
2026-05-26T12:53:21.349-03:00  INFO 24128 --- [ordering] [    Test worker] c.a.a.o.i.l.c.CustomerEventListenerIT    : The following 1 profile is active: "test"
2026-05-26T12:53:21.421-03:00  INFO 24128 --- [ordering] [    Test worker] .s.d.r.c.RepositoryConfigurationDelegate : Bootstrapping Spring Data JPA repositories in DEFAULT mode.
2026-05-26T12:53:21.435-03:00  INFO 24128 --- [ordering] [    Test worker] .s.d.r.c.RepositoryConfigurationDelegate : Finished Spring Data repository scanning in 13 ms. Found 3 JPA repository interfaces.
2026-05-26T12:53:21.456-03:00  INFO 24128 --- [ordering] [    Test worker] o.hibernate.jpa.internal.util.LogHelper  : HHH000204: Processing PersistenceUnitInfo [name: default]
2026-05-26T12:53:21.456-03:00  INFO 24128 --- [ordering] [    Test worker] o.h.c.internal.RegionFactoryInitiator    : HHH000026: Second-level cache disabled
2026-05-26T12:53:21.458-03:00  INFO 24128 --- [ordering] [    Test worker] o.s.o.j.p.SpringPersistenceUnitInfo      : No LoadTimeWeaver setup: ignoring JPA class transformer
2026-05-26T12:53:21.459-03:00  INFO 24128 --- [ordering] [    Test worker] com.zaxxer.hikari.HikariDataSource       : HikariPool-8 - Starting...
2026-05-26T12:53:21.459-03:00  INFO 24128 --- [ordering] [    Test worker] com.zaxxer.hikari.pool.HikariPool        : HikariPool-8 - Added connection conn91: url=jdbc:h2:mem:ordering-test user=SA
2026-05-26T12:53:21.459-03:00  INFO 24128 --- [ordering] [    Test worker] com.zaxxer.hikari.HikariDataSource       : HikariPool-8 - Start completed.
2026-05-26T12:53:21.459-03:00  WARN 24128 --- [ordering] [    Test worker] org.hibernate.orm.deprecation            : HHH90000025: H2Dialect does not need to be specified explicitly using 'hibernate.dialect' (remove the property setting and it will be selected by default)
2026-05-26T12:53:21.459-03:00  INFO 24128 --- [ordering] [    Test worker] org.hibernate.orm.connections.pooling    : HHH10001005: Database info:
	Database JDBC URL [Connecting through datasource 'HikariDataSource (HikariPool-8)']
	Database driver: undefined/unknown
	Database version: 2.3.232
	Autocommit mode: undefined/unknown
	Isolation level: undefined/unknown
	Minimum pool size: undefined/unknown
	Maximum pool size: undefined/unknown
2026-05-26T12:53:21.476-03:00  INFO 24128 --- [ordering] [    Test worker] o.h.e.t.j.p.i.JtaPlatformInitiator       : HHH000489: No JTA platform available (set 'hibernate.transaction.jta.platform' to enable JTA platform integration)
2026-05-26T12:53:21.477-03:00  INFO 24128 --- [ordering] [    Test worker] j.LocalContainerEntityManagerFactoryBean : Initialized JPA EntityManagerFactory for persistence unit 'default'
2026-05-26T12:53:21.519-03:00  WARN 24128 --- [ordering] [    Test worker] JpaBaseConfiguration$JpaWebConfiguration : spring.jpa.open-in-view is enabled by default. Therefore, database queries may be performed during view rendering. Explicitly configure spring.jpa.open-in-view to disable this warning
2026-05-26T12:53:21.526-03:00  INFO 24128 --- [ordering] [    Test worker] o.s.b.a.h2.H2ConsoleAutoConfiguration    : H2 console available at '/h2-console'. Database available at 'jdbc:h2:mem:ordering-test'
2026-05-26T12:53:21.529-03:00  INFO 24128 --- [ordering] [    Test worker] c.a.a.o.i.l.c.CustomerEventListenerIT    : Started CustomerEventListenerIT in 0.185 seconds (process running for 5.21)
2026-05-26T12:53:21.531-03:00  INFO 24128 --- [ordering] [    Test worker] c.a.a.o.i.l.c.CustomerEventListener      : CustomerRegisteredEvent listen 1
2026-05-26T12:53:21.531-03:00  INFO 24128 --- [ordering] [    Test worker] .n.c.CustomerNotificationServiceFakeImpl : Welcome John
2026-05-26T12:53:21.531-03:00  INFO 24128 --- [ordering] [    Test worker] .n.c.CustomerNotificationServiceFakeImpl : User your email to access your account john.doe@email.com
2026-05-26T12:53:21.533-03:00  INFO 24128 --- [ordering] [    Test worker] c.a.a.o.i.l.order.OrderEventListener     : CustomerRegisteredEvent listen ReadyEvent
]]></system-out>
  <system-err><![CDATA[]]></system-err>
</testsuite>
