<?xml version="1.0" encoding="UTF-8"?>
<testsuite name="com.algaworks.algashop.ordering.application.checkout.CheckoutApplicationServiceIT" tests="4" skipped="0" failures="0" errors="0" timestamp="2026-05-26T18:06:39.771Z" hostname="192.168.0.54" time="0.054">
  <properties/>
  <testcase name="shouldThrowShoppingCartCantProceedToCheckoutExceptionWhenCartContainsUnavailableItems()" classname="com.algaworks.algashop.ordering.application.checkout.CheckoutApplicationServiceIT" time="0.017"/>
  <testcase name="shouldThrowShoppingCartNotFoundExceptionWhenCheckoutWithNonExistingShoppingCart()" classname="com.algaworks.algashop.ordering.application.checkout.CheckoutApplicationServiceIT" time="0.005"/>
  <testcase name="shouldCheckout()" classname="com.algaworks.algashop.ordering.application.checkout.CheckoutApplicationServiceIT" time="0.025"/>
  <testcase name="shouldThrowShoppingCartCantProceedToCheckoutExceptionWhenCartIsEmpty()" classname="com.algaworks.algashop.ordering.application.checkout.CheckoutApplicationServiceIT" time="0.006"/>
  <system-out><![CDATA[2026-05-26T15:06:39.461-03:00  INFO 25870 --- [ordering] [    Test worker] t.c.s.AnnotationConfigContextLoaderUtils : Could not detect default configuration classes for test class [com.algaworks.algashop.ordering.application.checkout.CheckoutApplicationServiceIT]: CheckoutApplicationServiceIT does not declare any static, non-private, non-final, nested classes annotated with @Configuration.
2026-05-26T15:06:39.462-03:00  INFO 25870 --- [ordering] [    Test worker] .b.t.c.SpringBootTestContextBootstrapper : Found @SpringBootConfiguration com.algaworks.algashop.ordering.OrderingApplication for test class com.algaworks.algashop.ordering.application.checkout.CheckoutApplicationServiceIT

  .   ____          _            __ _ _
 /\\ / ___'_ __ _ _(_)_ __  __ _ \ \ \ \
( ( )\___ | '_ | '_| | '_ \/ _` | \ \ \ \
 \\/  ___)| |_)| | | | | || (_| |  ) ) ) )
  '  |____| .__|_| |_|_| |_\__, | / / / /
 =========|_|==============|___/=/_/_/_/

 :: Spring Boot ::               (v3.5.11)

2026-05-26T15:06:39.474-03:00  INFO 25870 --- [ordering] [    Test worker] c.a.a.o.a.c.CheckoutApplicationServiceIT : Starting CheckoutApplicationServiceIT using Java 21.0.8 with PID 25870 (started by jucami90 in /Users/jucami90/Documents/Curso Microservicios/EMS/algashop/microservices/ordering)
2026-05-26T15:06:39.474-03:00  INFO 25870 --- [ordering] [    Test worker] c.a.a.o.a.c.CheckoutApplicationServiceIT : The following 1 profile is active: "test"
2026-05-26T15:06:39.579-03:00  INFO 25870 --- [ordering] [    Test worker] .s.d.r.c.RepositoryConfigurationDelegate : Bootstrapping Spring Data JPA repositories in DEFAULT mode.
2026-05-26T15:06:39.605-03:00  INFO 25870 --- [ordering] [    Test worker] .s.d.r.c.RepositoryConfigurationDelegate : Finished Spring Data repository scanning in 25 ms. Found 3 JPA repository interfaces.
2026-05-26T15:06:39.643-03:00  INFO 25870 --- [ordering] [    Test worker] o.hibernate.jpa.internal.util.LogHelper  : HHH000204: Processing PersistenceUnitInfo [name: default]
2026-05-26T15:06:39.644-03:00  INFO 25870 --- [ordering] [    Test worker] o.h.c.internal.RegionFactoryInitiator    : HHH000026: Second-level cache disabled
2026-05-26T15:06:39.648-03:00  INFO 25870 --- [ordering] [    Test worker] o.s.o.j.p.SpringPersistenceUnitInfo      : No LoadTimeWeaver setup: ignoring JPA class transformer
2026-05-26T15:06:39.648-03:00  INFO 25870 --- [ordering] [    Test worker] com.zaxxer.hikari.HikariDataSource       : HikariPool-2 - Starting...
2026-05-26T15:06:39.649-03:00  INFO 25870 --- [ordering] [    Test worker] com.zaxxer.hikari.pool.HikariPool        : HikariPool-2 - Added connection conn10: url=jdbc:h2:mem:ordering-test user=SA
2026-05-26T15:06:39.649-03:00  INFO 25870 --- [ordering] [    Test worker] com.zaxxer.hikari.HikariDataSource       : HikariPool-2 - Start completed.
2026-05-26T15:06:39.649-03:00  WARN 25870 --- [ordering] [    Test worker] org.hibernate.orm.deprecation            : HHH90000025: H2Dialect does not need to be specified explicitly using 'hibernate.dialect' (remove the property setting and it will be selected by default)
2026-05-26T15:06:39.649-03:00  INFO 25870 --- [ordering] [    Test worker] org.hibernate.orm.connections.pooling    : HHH10001005: Database info:
	Database JDBC URL [Connecting through datasource 'HikariDataSource (HikariPool-2)']
	Database driver: undefined/unknown
	Database version: 2.3.232
	Autocommit mode: undefined/unknown
	Isolation level: undefined/unknown
	Minimum pool size: undefined/unknown
	Maximum pool size: undefined/unknown
2026-05-26T15:06:39.679-03:00  INFO 25870 --- [ordering] [    Test worker] o.h.e.t.j.p.i.JtaPlatformInitiator       : HHH000489: No JTA platform available (set 'hibernate.transaction.jta.platform' to enable JTA platform integration)
2026-05-26T15:06:39.684-03:00  INFO 25870 --- [ordering] [    Test worker] j.LocalContainerEntityManagerFactoryBean : Initialized JPA EntityManagerFactory for persistence unit 'default'
2026-05-26T15:06:39.752-03:00  WARN 25870 --- [ordering] [    Test worker] JpaBaseConfiguration$JpaWebConfiguration : spring.jpa.open-in-view is enabled by default. Therefore, database queries may be performed during view rendering. Explicitly configure spring.jpa.open-in-view to disable this warning
2026-05-26T15:06:39.765-03:00  INFO 25870 --- [ordering] [    Test worker] o.s.b.a.h2.H2ConsoleAutoConfiguration    : H2 console available at '/h2-console'. Database available at 'jdbc:h2:mem:ordering-test'
2026-05-26T15:06:39.770-03:00  INFO 25870 --- [ordering] [    Test worker] c.a.a.o.a.c.CheckoutApplicationServiceIT : Started CheckoutApplicationServiceIT in 0.306 seconds (process running for 3.137)
Hibernate: select count(*) from "customer" cpe1_0 where cpe1_0.id=?
Hibernate: select cpe1_0.id,cpe1_0.address_city,cpe1_0.address_complement,cpe1_0.address_neighborhood,cpe1_0.address_number,cpe1_0.address_state,cpe1_0.address_street,cpe1_0.address_zip_code,cpe1_0.archived,cpe1_0.archived_at,cpe1_0.birth_date,cpe1_0.created_by_user_id,cpe1_0.document,cpe1_0.email,cpe1_0.first_name,cpe1_0.last_modified_at,cpe1_0.last_modified_by_user_id,cpe1_0.last_name,cpe1_0.loyalty_points,cpe1_0.phone,cpe1_0.promotion_notifications_allowed,cpe1_0.registered_at,cpe1_0.version from "customer" cpe1_0 where cpe1_0.id=?
Hibernate: insert into "customer" (address_city,address_complement,address_neighborhood,address_number,address_state,address_street,address_zip_code,archived,archived_at,birth_date,created_by_user_id,document,email,first_name,last_modified_at,last_modified_by_user_id,last_name,loyalty_points,phone,promotion_notifications_allowed,registered_at,version,id) values (?,?,?,?,?,?,?,?,?,?,?,?,?,?,?,?,?,?,?,?,?,?,?)
Hibernate: select scpe1_0.id,scpe1_0.created_at,scpe1_0.created_by_user_id,scpe1_0."customer_id",c1_0.id,c1_0.address_city,c1_0.address_complement,c1_0.address_neighborhood,c1_0.address_number,c1_0.address_state,c1_0.address_street,c1_0.address_zip_code,c1_0.archived,c1_0.archived_at,c1_0.birth_date,c1_0.created_by_user_id,c1_0.document,c1_0.email,c1_0.first_name,c1_0.last_modified_at,c1_0.last_modified_by_user_id,c1_0.last_name,c1_0.loyalty_points,c1_0.phone,c1_0.promotion_notifications_allowed,c1_0.registered_at,c1_0.version,scpe1_0.last_modified_at,scpe1_0.last_modified_by_user_id,scpe1_0.total_amount,scpe1_0.total_items,scpe1_0.version from "shopping_cart" scpe1_0 join "customer" c1_0 on c1_0.id=scpe1_0."customer_id" where scpe1_0.id=?
Hibernate: insert into "shopping_cart" (created_at,created_by_user_id,"customer_id",last_modified_at,last_modified_by_user_id,total_amount,total_items,version,id) values (?,?,?,?,?,?,?,?,?)
Hibernate: insert into shopping_cart_item (available,created_at,created_by_user_id,last_modified_at,last_modified_by_user_id,name,price,product_id,quantity,"shopping_cart_id",total_amount,version,id) values (?,?,?,?,?,?,?,?,?,?,?,?,?)
2026-05-26T15:06:39.784-03:00  INFO 25870 --- [ordering] [    Test worker] c.a.a.o.i.l.s.ShoppingCartEventListener  : Shopping cart event received: Cart Created
2026-05-26T15:06:39.784-03:00  INFO 25870 --- [ordering] [    Test worker] c.a.a.o.i.l.s.ShoppingCartEventListener  : Shopping cart event received: Cart Item Added
Hibernate: select count(*) from "customer" cpe1_0 where cpe1_0.id=?
Hibernate: select cpe1_0.id,cpe1_0.address_city,cpe1_0.address_complement,cpe1_0.address_neighborhood,cpe1_0.address_number,cpe1_0.address_state,cpe1_0.address_street,cpe1_0.address_zip_code,cpe1_0.archived,cpe1_0.archived_at,cpe1_0.birth_date,cpe1_0.created_by_user_id,cpe1_0.document,cpe1_0.email,cpe1_0.first_name,cpe1_0.last_modified_at,cpe1_0.last_modified_by_user_id,cpe1_0.last_name,cpe1_0.loyalty_points,cpe1_0.phone,cpe1_0.promotion_notifications_allowed,cpe1_0.registered_at,cpe1_0.version from "customer" cpe1_0 where cpe1_0.id=?
Hibernate: insert into "customer" (address_city,address_complement,address_neighborhood,address_number,address_state,address_street,address_zip_code,archived,archived_at,birth_date,created_by_user_id,document,email,first_name,last_modified_at,last_modified_by_user_id,last_name,loyalty_points,phone,promotion_notifications_allowed,registered_at,version,id) values (?,?,?,?,?,?,?,?,?,?,?,?,?,?,?,?,?,?,?,?,?,?,?)
Hibernate: select scpe1_0.id,scpe1_0.created_at,scpe1_0.created_by_user_id,scpe1_0."customer_id",c1_0.id,c1_0.address_city,c1_0.address_complement,c1_0.address_neighborhood,c1_0.address_number,c1_0.address_state,c1_0.address_street,c1_0.address_zip_code,c1_0.archived,c1_0.archived_at,c1_0.birth_date,c1_0.created_by_user_id,c1_0.document,c1_0.email,c1_0.first_name,c1_0.last_modified_at,c1_0.last_modified_by_user_id,c1_0.last_name,c1_0.loyalty_points,c1_0.phone,c1_0.promotion_notifications_allowed,c1_0.registered_at,c1_0.version,scpe1_0.last_modified_at,scpe1_0.last_modified_by_user_id,scpe1_0.total_amount,scpe1_0.total_items,scpe1_0.version from "shopping_cart" scpe1_0 join "customer" c1_0 on c1_0.id=scpe1_0."customer_id" where scpe1_0.id=?
Hibernate: select count(*) from "customer" cpe1_0 where cpe1_0.id=?
Hibernate: select cpe1_0.id,cpe1_0.address_city,cpe1_0.address_complement,cpe1_0.address_neighborhood,cpe1_0.address_number,cpe1_0.address_state,cpe1_0.address_street,cpe1_0.address_zip_code,cpe1_0.archived,cpe1_0.archived_at,cpe1_0.birth_date,cpe1_0.created_by_user_id,cpe1_0.document,cpe1_0.email,cpe1_0.first_name,cpe1_0.last_modified_at,cpe1_0.last_modified_by_user_id,cpe1_0.last_name,cpe1_0.loyalty_points,cpe1_0.phone,cpe1_0.promotion_notifications_allowed,cpe1_0.registered_at,cpe1_0.version from "customer" cpe1_0 where cpe1_0.id=?
Hibernate: insert into "customer" (address_city,address_complement,address_neighborhood,address_number,address_state,address_street,address_zip_code,archived,archived_at,birth_date,created_by_user_id,document,email,first_name,last_modified_at,last_modified_by_user_id,last_name,loyalty_points,phone,promotion_notifications_allowed,registered_at,version,id) values (?,?,?,?,?,?,?,?,?,?,?,?,?,?,?,?,?,?,?,?,?,?,?)
Hibernate: select scpe1_0.id,scpe1_0.created_at,scpe1_0.created_by_user_id,scpe1_0."customer_id",c1_0.id,c1_0.address_city,c1_0.address_complement,c1_0.address_neighborhood,c1_0.address_number,c1_0.address_state,c1_0.address_street,c1_0.address_zip_code,c1_0.archived,c1_0.archived_at,c1_0.birth_date,c1_0.created_by_user_id,c1_0.document,c1_0.email,c1_0.first_name,c1_0.last_modified_at,c1_0.last_modified_by_user_id,c1_0.last_name,c1_0.loyalty_points,c1_0.phone,c1_0.promotion_notifications_allowed,c1_0.registered_at,c1_0.version,scpe1_0.last_modified_at,scpe1_0.last_modified_by_user_id,scpe1_0.total_amount,scpe1_0.total_items,scpe1_0.version from "shopping_cart" scpe1_0 join "customer" c1_0 on c1_0.id=scpe1_0."customer_id" where scpe1_0.id=?
Hibernate: insert into "shopping_cart" (created_at,created_by_user_id,"customer_id",last_modified_at,last_modified_by_user_id,total_amount,total_items,version,id) values (?,?,?,?,?,?,?,?,?)
Hibernate: insert into shopping_cart_item (available,created_at,created_by_user_id,last_modified_at,last_modified_by_user_id,name,price,product_id,quantity,"shopping_cart_id",total_amount,version,id) values (?,?,?,?,?,?,?,?,?,?,?,?,?)
2026-05-26T15:06:39.799-03:00  INFO 25870 --- [ordering] [    Test worker] c.a.a.o.i.l.s.ShoppingCartEventListener  : Shopping cart event received: Cart Created
2026-05-26T15:06:39.799-03:00  INFO 25870 --- [ordering] [    Test worker] c.a.a.o.i.l.s.ShoppingCartEventListener  : Shopping cart event received: Cart Item Added
Hibernate: select ope1_0.id,ope1_0.billing_address_city,ope1_0.billing_address_complement,ope1_0.billing_address_neighborhood,ope1_0.billing_address_number,ope1_0.billing_address_state,ope1_0.billing_address_street,ope1_0.billing_address_zip_code,ope1_0.billing_document,ope1_0.billing_first_name,ope1_0.billing_last_name,ope1_0.billing_phone,ope1_0.canceled_at,ope1_0.created_by_user_id,ope1_0."customer_id",c1_0.id,c1_0.address_city,c1_0.address_complement,c1_0.address_neighborhood,c1_0.address_number,c1_0.address_state,c1_0.address_street,c1_0.address_zip_code,c1_0.archived,c1_0.archived_at,c1_0.birth_date,c1_0.created_by_user_id,c1_0.document,c1_0.email,c1_0.first_name,c1_0.last_modified_at,c1_0.last_modified_by_user_id,c1_0.last_name,c1_0.loyalty_points,c1_0.phone,c1_0.promotion_notifications_allowed,c1_0.registered_at,c1_0.version,ope1_0.last_modified_at,ope1_0.last_modified_by_user_id,ope1_0.paid_at,ope1_0.payment_method,ope1_0.placed_at,ope1_0.ready_at,ope1_0.shipping_address_city,ope1_0.shipping_address_complement,ope1_0.shipping_address_neighborhood,ope1_0.shipping_address_number,ope1_0.shipping_address_state,ope1_0.shipping_address_street,ope1_0.shipping_address_zip_code,ope1_0.shipping_cost,ope1_0.shipping_expected_date,ope1_0.shipping_recipient_document,ope1_0.shipping_recipient_first_name,ope1_0.shipping_recipient_last_name,ope1_0.shipping_recipient_phone,ope1_0.status,ope1_0.total_amount,ope1_0.total_items,ope1_0.version from "order" ope1_0 join "customer" c1_0 on c1_0.id=ope1_0."customer_id" where ope1_0.id=?
Hibernate: insert into "order" (billing_address_city,billing_address_complement,billing_address_neighborhood,billing_address_number,billing_address_state,billing_address_street,billing_address_zip_code,billing_document,billing_first_name,billing_last_name,billing_phone,canceled_at,created_by_user_id,"customer_id",last_modified_at,last_modified_by_user_id,paid_at,payment_method,placed_at,ready_at,shipping_address_city,shipping_address_complement,shipping_address_neighborhood,shipping_address_number,shipping_address_state,shipping_address_street,shipping_address_zip_code,shipping_cost,shipping_expected_date,shipping_recipient_document,shipping_recipient_first_name,shipping_recipient_last_name,shipping_recipient_phone,status,total_amount,total_items,version,id) values (?,?,?,?,?,?,?,?,?,?,?,?,?,?,?,?,?,?,?,?,?,?,?,?,?,?,?,?,?,?,?,?,?,?,?,?,?,?)
Hibernate: insert into order_item ("order_id",price,product_id,product_name,quantity,total_amount,id) values (?,?,?,?,?,?,?)
2026-05-26T15:06:39.803-03:00  INFO 25870 --- [ordering] [    Test worker] c.a.a.o.i.l.order.OrderEventListener     : CustomerRegisteredEvent listen PlacedEvent
Hibernate: select scpe1_0.id,scpe1_0.created_at,scpe1_0.created_by_user_id,scpe1_0."customer_id",c1_0.id,c1_0.address_city,c1_0.address_complement,c1_0.address_neighborhood,c1_0.address_number,c1_0.address_state,c1_0.address_street,c1_0.address_zip_code,c1_0.archived,c1_0.archived_at,c1_0.birth_date,c1_0.created_by_user_id,c1_0.document,c1_0.email,c1_0.first_name,c1_0.last_modified_at,c1_0.last_modified_by_user_id,c1_0.last_name,c1_0.loyalty_points,c1_0.phone,c1_0.promotion_notifications_allowed,c1_0.registered_at,c1_0.version,i1_0."shopping_cart_id",i1_0.id,i1_0.available,i1_0.created_at,i1_0.created_by_user_id,i1_0.last_modified_at,i1_0.last_modified_by_user_id,i1_0.name,i1_0.price,i1_0.product_id,i1_0.quantity,i1_0.total_amount,i1_0.version,scpe1_0.last_modified_at,scpe1_0.last_modified_by_user_id,scpe1_0.total_amount,scpe1_0.total_items,scpe1_0.version from "shopping_cart" scpe1_0 join "customer" c1_0 on c1_0.id=scpe1_0."customer_id" left join shopping_cart_item i1_0 on scpe1_0.id=i1_0."shopping_cart_id" where scpe1_0.id=?
Hibernate: update "shopping_cart" set created_at=?,created_by_user_id=?,"customer_id"=?,last_modified_at=?,last_modified_by_user_id=?,total_amount=?,total_items=?,version=? where id=? and version=?
2026-05-26T15:06:39.812-03:00  INFO 25870 --- [ordering] [    Test worker] c.a.a.o.i.l.s.ShoppingCartEventListener  : Shopping cart event received: Cart Emptied
Hibernate: select count(*) from "order" ope1_0 where ope1_0.id=?
Hibernate: select count(*) from "customer" cpe1_0 where cpe1_0.id=?
Hibernate: select cpe1_0.id,cpe1_0.address_city,cpe1_0.address_complement,cpe1_0.address_neighborhood,cpe1_0.address_number,cpe1_0.address_state,cpe1_0.address_street,cpe1_0.address_zip_code,cpe1_0.archived,cpe1_0.archived_at,cpe1_0.birth_date,cpe1_0.created_by_user_id,cpe1_0.document,cpe1_0.email,cpe1_0.first_name,cpe1_0.last_modified_at,cpe1_0.last_modified_by_user_id,cpe1_0.last_name,cpe1_0.loyalty_points,cpe1_0.phone,cpe1_0.promotion_notifications_allowed,cpe1_0.registered_at,cpe1_0.version from "customer" cpe1_0 where cpe1_0.id=?
Hibernate: insert into "customer" (address_city,address_complement,address_neighborhood,address_number,address_state,address_street,address_zip_code,archived,archived_at,birth_date,created_by_user_id,document,email,first_name,last_modified_at,last_modified_by_user_id,last_name,loyalty_points,phone,promotion_notifications_allowed,registered_at,version,id) values (?,?,?,?,?,?,?,?,?,?,?,?,?,?,?,?,?,?,?,?,?,?,?)
Hibernate: select scpe1_0.id,scpe1_0.created_at,scpe1_0.created_by_user_id,scpe1_0."customer_id",c1_0.id,c1_0.address_city,c1_0.address_complement,c1_0.address_neighborhood,c1_0.address_number,c1_0.address_state,c1_0.address_street,c1_0.address_zip_code,c1_0.archived,c1_0.archived_at,c1_0.birth_date,c1_0.created_by_user_id,c1_0.document,c1_0.email,c1_0.first_name,c1_0.last_modified_at,c1_0.last_modified_by_user_id,c1_0.last_name,c1_0.loyalty_points,c1_0.phone,c1_0.promotion_notifications_allowed,c1_0.registered_at,c1_0.version,scpe1_0.last_modified_at,scpe1_0.last_modified_by_user_id,scpe1_0.total_amount,scpe1_0.total_items,scpe1_0.version from "shopping_cart" scpe1_0 join "customer" c1_0 on c1_0.id=scpe1_0."customer_id" where scpe1_0.id=?
Hibernate: insert into "shopping_cart" (created_at,created_by_user_id,"customer_id",last_modified_at,last_modified_by_user_id,total_amount,total_items,version,id) values (?,?,?,?,?,?,?,?,?)
2026-05-26T15:06:39.824-03:00  INFO 25870 --- [ordering] [    Test worker] c.a.a.o.i.l.s.ShoppingCartEventListener  : Shopping cart event received: Cart Created
]]></system-out>
  <system-err><![CDATA[]]></system-err>
</testsuite>
