<?xml version="1.0" encoding="UTF-8"?>
<testsuite name="com.algaworks.algashop.ordering.application.order.management.OrderManagementApplicationServiceIT" tests="11" skipped="0" failures="0" errors="0" timestamp="2026-05-26T11:41:25.716Z" hostname="192.168.0.54" time="0.066">
  <properties/>
  <testcase name="shouldThrowOrderNotFoundExceptionWhenMarkingNonExistingOrderAsReady()" classname="com.algaworks.algashop.ordering.application.order.management.OrderManagementApplicationServiceIT" time="0.006"/>
  <testcase name="shouldThrowOrderStatusCannotBeChangedExceptionWhenMarkingCanceledOrderAsPaid()" classname="com.algaworks.algashop.ordering.application.order.management.OrderManagementApplicationServiceIT" time="0.006"/>
  <testcase name="shouldMarkOrderAsReadySuccessfully()" classname="com.algaworks.algashop.ordering.application.order.management.OrderManagementApplicationServiceIT" time="0.009"/>
  <testcase name="shouldMarkOrderAsPaidSuccessfully()" classname="com.algaworks.algashop.ordering.application.order.management.OrderManagementApplicationServiceIT" time="0.008"/>
  <testcase name="shouldThrowOrderStatusCannotBeChangedExceptionWhenMarkingPlacedOrderAsReady()" classname="com.algaworks.algashop.ordering.application.order.management.OrderManagementApplicationServiceIT" time="0.005"/>
  <testcase name="shouldThrowOrderStatusCannotBeChangedExceptionWhenMarkingAlreadyPaidOrderAsPaid()" classname="com.algaworks.algashop.ordering.application.order.management.OrderManagementApplicationServiceIT" time="0.005"/>
  <testcase name="shouldThrowOrderStatusCannotBeChangedExceptionWhenMarkingAlreadyReadyOrderAsReady()" classname="com.algaworks.algashop.ordering.application.order.management.OrderManagementApplicationServiceIT" time="0.004"/>
  <testcase name="shouldThrowOrderStatusCannotBeChangedExceptionWhenCancellingAlreadyCanceledOrder()" classname="com.algaworks.algashop.ordering.application.order.management.OrderManagementApplicationServiceIT" time="0.005"/>
  <testcase name="shouldThrowOrderNotFoundExceptionWhenCancellingNonExistingOrder()" classname="com.algaworks.algashop.ordering.application.order.management.OrderManagementApplicationServiceIT" time="0.004"/>
  <testcase name="shouldCancelOrderSuccessfully()" classname="com.algaworks.algashop.ordering.application.order.management.OrderManagementApplicationServiceIT" time="0.007"/>
  <testcase name="shouldThrowOrderNotFoundExceptionWhenMarkingNonExistingOrderAsPaid()" classname="com.algaworks.algashop.ordering.application.order.management.OrderManagementApplicationServiceIT" time="0.003"/>
  <system-out><![CDATA[2026-05-26T08:41:25.700-03:00  INFO 19410 --- [ordering] [    Test worker] t.c.s.AnnotationConfigContextLoaderUtils : Could not detect default configuration classes for test class [com.algaworks.algashop.ordering.application.order.management.OrderManagementApplicationServiceIT]: OrderManagementApplicationServiceIT does not declare any static, non-private, non-final, nested classes annotated with @Configuration.
2026-05-26T08:41:25.715-03:00  INFO 19410 --- [ordering] [    Test worker] .b.t.c.SpringBootTestContextBootstrapper : Found @SpringBootConfiguration com.algaworks.algashop.ordering.OrderingApplication for test class com.algaworks.algashop.ordering.application.order.management.OrderManagementApplicationServiceIT
Hibernate: select count(*) from "customer" cpe1_0 where cpe1_0.id=?
Hibernate: select cpe1_0.id,cpe1_0.address_city,cpe1_0.address_complement,cpe1_0.address_neighborhood,cpe1_0.address_number,cpe1_0.address_state,cpe1_0.address_street,cpe1_0.address_zip_code,cpe1_0.archived,cpe1_0.archived_at,cpe1_0.birth_date,cpe1_0.created_by_user_id,cpe1_0.document,cpe1_0.email,cpe1_0.first_name,cpe1_0.last_modified_at,cpe1_0.last_modified_by_user_id,cpe1_0.last_name,cpe1_0.loyalty_points,cpe1_0.phone,cpe1_0.promotion_notifications_allowed,cpe1_0.registered_at,cpe1_0.version from "customer" cpe1_0 where cpe1_0.id=?
Hibernate: insert into "customer" (address_city,address_complement,address_neighborhood,address_number,address_state,address_street,address_zip_code,archived,archived_at,birth_date,created_by_user_id,document,email,first_name,last_modified_at,last_modified_by_user_id,last_name,loyalty_points,phone,promotion_notifications_allowed,registered_at,version,id) values (?,?,?,?,?,?,?,?,?,?,?,?,?,?,?,?,?,?,?,?,?,?,?)
Hibernate: select ope1_0.id,ope1_0.billing_address_city,ope1_0.billing_address_complement,ope1_0.billing_address_neighborhood,ope1_0.billing_address_number,ope1_0.billing_address_state,ope1_0.billing_address_street,ope1_0.billing_address_zip_code,ope1_0.billing_document,ope1_0.billing_first_name,ope1_0.billing_last_name,ope1_0.billing_phone,ope1_0.canceled_at,ope1_0.created_by_user_id,ope1_0."customer_id",c1_0.id,c1_0.address_city,c1_0.address_complement,c1_0.address_neighborhood,c1_0.address_number,c1_0.address_state,c1_0.address_street,c1_0.address_zip_code,c1_0.archived,c1_0.archived_at,c1_0.birth_date,c1_0.created_by_user_id,c1_0.document,c1_0.email,c1_0.first_name,c1_0.last_modified_at,c1_0.last_modified_by_user_id,c1_0.last_name,c1_0.loyalty_points,c1_0.phone,c1_0.promotion_notifications_allowed,c1_0.registered_at,c1_0.version,ope1_0.last_modified_at,ope1_0.last_modified_by_user_id,ope1_0.paid_at,ope1_0.payment_method,ope1_0.placed_at,ope1_0.ready_at,ope1_0.shipping_address_city,ope1_0.shipping_address_complement,ope1_0.shipping_address_neighborhood,ope1_0.shipping_address_number,ope1_0.shipping_address_state,ope1_0.shipping_address_street,ope1_0.shipping_address_zip_code,ope1_0.shipping_cost,ope1_0.shipping_expected_date,ope1_0.shipping_recipient_document,ope1_0.shipping_recipient_first_name,ope1_0.shipping_recipient_last_name,ope1_0.shipping_recipient_phone,ope1_0.status,ope1_0.total_amount,ope1_0.total_items,ope1_0.version from "order" ope1_0 join "customer" c1_0 on c1_0.id=ope1_0."customer_id" where ope1_0.id=?
Hibernate: select count(*) from "customer" cpe1_0 where cpe1_0.id=?
Hibernate: select cpe1_0.id,cpe1_0.address_city,cpe1_0.address_complement,cpe1_0.address_neighborhood,cpe1_0.address_number,cpe1_0.address_state,cpe1_0.address_street,cpe1_0.address_zip_code,cpe1_0.archived,cpe1_0.archived_at,cpe1_0.birth_date,cpe1_0.created_by_user_id,cpe1_0.document,cpe1_0.email,cpe1_0.first_name,cpe1_0.last_modified_at,cpe1_0.last_modified_by_user_id,cpe1_0.last_name,cpe1_0.loyalty_points,cpe1_0.phone,cpe1_0.promotion_notifications_allowed,cpe1_0.registered_at,cpe1_0.version from "customer" cpe1_0 where cpe1_0.id=?
Hibernate: insert into "customer" (address_city,address_complement,address_neighborhood,address_number,address_state,address_street,address_zip_code,archived,archived_at,birth_date,created_by_user_id,document,email,first_name,last_modified_at,last_modified_by_user_id,last_name,loyalty_points,phone,promotion_notifications_allowed,registered_at,version,id) values (?,?,?,?,?,?,?,?,?,?,?,?,?,?,?,?,?,?,?,?,?,?,?)
Hibernate: select ope1_0.id,ope1_0.billing_address_city,ope1_0.billing_address_complement,ope1_0.billing_address_neighborhood,ope1_0.billing_address_number,ope1_0.billing_address_state,ope1_0.billing_address_street,ope1_0.billing_address_zip_code,ope1_0.billing_document,ope1_0.billing_first_name,ope1_0.billing_last_name,ope1_0.billing_phone,ope1_0.canceled_at,ope1_0.created_by_user_id,ope1_0."customer_id",c1_0.id,c1_0.address_city,c1_0.address_complement,c1_0.address_neighborhood,c1_0.address_number,c1_0.address_state,c1_0.address_street,c1_0.address_zip_code,c1_0.archived,c1_0.archived_at,c1_0.birth_date,c1_0.created_by_user_id,c1_0.document,c1_0.email,c1_0.first_name,c1_0.last_modified_at,c1_0.last_modified_by_user_id,c1_0.last_name,c1_0.loyalty_points,c1_0.phone,c1_0.promotion_notifications_allowed,c1_0.registered_at,c1_0.version,ope1_0.last_modified_at,ope1_0.last_modified_by_user_id,ope1_0.paid_at,ope1_0.payment_method,ope1_0.placed_at,ope1_0.ready_at,ope1_0.shipping_address_city,ope1_0.shipping_address_complement,ope1_0.shipping_address_neighborhood,ope1_0.shipping_address_number,ope1_0.shipping_address_state,ope1_0.shipping_address_street,ope1_0.shipping_address_zip_code,ope1_0.shipping_cost,ope1_0.shipping_expected_date,ope1_0.shipping_recipient_document,ope1_0.shipping_recipient_first_name,ope1_0.shipping_recipient_last_name,ope1_0.shipping_recipient_phone,ope1_0.status,ope1_0.total_amount,ope1_0.total_items,ope1_0.version from "order" ope1_0 join "customer" c1_0 on c1_0.id=ope1_0."customer_id" where ope1_0.id=?
Hibernate: insert into "order" (billing_address_city,billing_address_complement,billing_address_neighborhood,billing_address_number,billing_address_state,billing_address_street,billing_address_zip_code,billing_document,billing_first_name,billing_last_name,billing_phone,canceled_at,created_by_user_id,"customer_id",last_modified_at,last_modified_by_user_id,paid_at,payment_method,placed_at,ready_at,shipping_address_city,shipping_address_complement,shipping_address_neighborhood,shipping_address_number,shipping_address_state,shipping_address_street,shipping_address_zip_code,shipping_cost,shipping_expected_date,shipping_recipient_document,shipping_recipient_first_name,shipping_recipient_last_name,shipping_recipient_phone,status,total_amount,total_items,version,id) values (?,?,?,?,?,?,?,?,?,?,?,?,?,?,?,?,?,?,?,?,?,?,?,?,?,?,?,?,?,?,?,?,?,?,?,?,?,?)
Hibernate: insert into order_item ("order_id",price,product_id,product_name,quantity,total_amount,id) values (?,?,?,?,?,?,?)
Hibernate: insert into order_item ("order_id",price,product_id,product_name,quantity,total_amount,id) values (?,?,?,?,?,?,?)
Hibernate: select count(*) from "customer" cpe1_0 where cpe1_0.id=?
Hibernate: select cpe1_0.id,cpe1_0.address_city,cpe1_0.address_complement,cpe1_0.address_neighborhood,cpe1_0.address_number,cpe1_0.address_state,cpe1_0.address_street,cpe1_0.address_zip_code,cpe1_0.archived,cpe1_0.archived_at,cpe1_0.birth_date,cpe1_0.created_by_user_id,cpe1_0.document,cpe1_0.email,cpe1_0.first_name,cpe1_0.last_modified_at,cpe1_0.last_modified_by_user_id,cpe1_0.last_name,cpe1_0.loyalty_points,cpe1_0.phone,cpe1_0.promotion_notifications_allowed,cpe1_0.registered_at,cpe1_0.version from "customer" cpe1_0 where cpe1_0.id=?
Hibernate: insert into "customer" (address_city,address_complement,address_neighborhood,address_number,address_state,address_street,address_zip_code,archived,archived_at,birth_date,created_by_user_id,document,email,first_name,last_modified_at,last_modified_by_user_id,last_name,loyalty_points,phone,promotion_notifications_allowed,registered_at,version,id) values (?,?,?,?,?,?,?,?,?,?,?,?,?,?,?,?,?,?,?,?,?,?,?)
Hibernate: select ope1_0.id,ope1_0.billing_address_city,ope1_0.billing_address_complement,ope1_0.billing_address_neighborhood,ope1_0.billing_address_number,ope1_0.billing_address_state,ope1_0.billing_address_street,ope1_0.billing_address_zip_code,ope1_0.billing_document,ope1_0.billing_first_name,ope1_0.billing_last_name,ope1_0.billing_phone,ope1_0.canceled_at,ope1_0.created_by_user_id,ope1_0."customer_id",c1_0.id,c1_0.address_city,c1_0.address_complement,c1_0.address_neighborhood,c1_0.address_number,c1_0.address_state,c1_0.address_street,c1_0.address_zip_code,c1_0.archived,c1_0.archived_at,c1_0.birth_date,c1_0.created_by_user_id,c1_0.document,c1_0.email,c1_0.first_name,c1_0.last_modified_at,c1_0.last_modified_by_user_id,c1_0.last_name,c1_0.loyalty_points,c1_0.phone,c1_0.promotion_notifications_allowed,c1_0.registered_at,c1_0.version,ope1_0.last_modified_at,ope1_0.last_modified_by_user_id,ope1_0.paid_at,ope1_0.payment_method,ope1_0.placed_at,ope1_0.ready_at,ope1_0.shipping_address_city,ope1_0.shipping_address_complement,ope1_0.shipping_address_neighborhood,ope1_0.shipping_address_number,ope1_0.shipping_address_state,ope1_0.shipping_address_street,ope1_0.shipping_address_zip_code,ope1_0.shipping_cost,ope1_0.shipping_expected_date,ope1_0.shipping_recipient_document,ope1_0.shipping_recipient_first_name,ope1_0.shipping_recipient_last_name,ope1_0.shipping_recipient_phone,ope1_0.status,ope1_0.total_amount,ope1_0.total_items,ope1_0.version from "order" ope1_0 join "customer" c1_0 on c1_0.id=ope1_0."customer_id" where ope1_0.id=?
Hibernate: insert into "order" (billing_address_city,billing_address_complement,billing_address_neighborhood,billing_address_number,billing_address_state,billing_address_street,billing_address_zip_code,billing_document,billing_first_name,billing_last_name,billing_phone,canceled_at,created_by_user_id,"customer_id",last_modified_at,last_modified_by_user_id,paid_at,payment_method,placed_at,ready_at,shipping_address_city,shipping_address_complement,shipping_address_neighborhood,shipping_address_number,shipping_address_state,shipping_address_street,shipping_address_zip_code,shipping_cost,shipping_expected_date,shipping_recipient_document,shipping_recipient_first_name,shipping_recipient_last_name,shipping_recipient_phone,status,total_amount,total_items,version,id) values (?,?,?,?,?,?,?,?,?,?,?,?,?,?,?,?,?,?,?,?,?,?,?,?,?,?,?,?,?,?,?,?,?,?,?,?,?,?)
Hibernate: insert into order_item ("order_id",price,product_id,product_name,quantity,total_amount,id) values (?,?,?,?,?,?,?)
Hibernate: insert into order_item ("order_id",price,product_id,product_name,quantity,total_amount,id) values (?,?,?,?,?,?,?)
Hibernate: select ope1_0.id,ope1_0.billing_address_city,ope1_0.billing_address_complement,ope1_0.billing_address_neighborhood,ope1_0.billing_address_number,ope1_0.billing_address_state,ope1_0.billing_address_street,ope1_0.billing_address_zip_code,ope1_0.billing_document,ope1_0.billing_first_name,ope1_0.billing_last_name,ope1_0.billing_phone,ope1_0.canceled_at,ope1_0.created_by_user_id,ope1_0."customer_id",c1_0.id,c1_0.address_city,c1_0.address_complement,c1_0.address_neighborhood,c1_0.address_number,c1_0.address_state,c1_0.address_street,c1_0.address_zip_code,c1_0.archived,c1_0.archived_at,c1_0.birth_date,c1_0.created_by_user_id,c1_0.document,c1_0.email,c1_0.first_name,c1_0.last_modified_at,c1_0.last_modified_by_user_id,c1_0.last_name,c1_0.loyalty_points,c1_0.phone,c1_0.promotion_notifications_allowed,c1_0.registered_at,c1_0.version,i1_0."order_id",i1_0.id,i1_0.price,i1_0.product_id,i1_0.product_name,i1_0.quantity,i1_0.total_amount,ope1_0.last_modified_at,ope1_0.last_modified_by_user_id,ope1_0.paid_at,ope1_0.payment_method,ope1_0.placed_at,ope1_0.ready_at,ope1_0.shipping_address_city,ope1_0.shipping_address_complement,ope1_0.shipping_address_neighborhood,ope1_0.shipping_address_number,ope1_0.shipping_address_state,ope1_0.shipping_address_street,ope1_0.shipping_address_zip_code,ope1_0.shipping_cost,ope1_0.shipping_expected_date,ope1_0.shipping_recipient_document,ope1_0.shipping_recipient_first_name,ope1_0.shipping_recipient_last_name,ope1_0.shipping_recipient_phone,ope1_0.status,ope1_0.total_amount,ope1_0.total_items,ope1_0.version from "order" ope1_0 join "customer" c1_0 on c1_0.id=ope1_0."customer_id" left join order_item i1_0 on ope1_0.id=i1_0."order_id" where ope1_0.id=?
Hibernate: update "order" set billing_address_city=?,billing_address_complement=?,billing_address_neighborhood=?,billing_address_number=?,billing_address_state=?,billing_address_street=?,billing_address_zip_code=?,billing_document=?,billing_first_name=?,billing_last_name=?,billing_phone=?,canceled_at=?,created_by_user_id=?,"customer_id"=?,last_modified_at=?,last_modified_by_user_id=?,paid_at=?,payment_method=?,placed_at=?,ready_at=?,shipping_address_city=?,shipping_address_complement=?,shipping_address_neighborhood=?,shipping_address_number=?,shipping_address_state=?,shipping_address_street=?,shipping_address_zip_code=?,shipping_cost=?,shipping_expected_date=?,shipping_recipient_document=?,shipping_recipient_first_name=?,shipping_recipient_last_name=?,shipping_recipient_phone=?,status=?,total_amount=?,total_items=?,version=? where id=? and version=?
Hibernate: select count(*) from "customer" cpe1_0 where cpe1_0.id=?
Hibernate: select cpe1_0.id,cpe1_0.address_city,cpe1_0.address_complement,cpe1_0.address_neighborhood,cpe1_0.address_number,cpe1_0.address_state,cpe1_0.address_street,cpe1_0.address_zip_code,cpe1_0.archived,cpe1_0.archived_at,cpe1_0.birth_date,cpe1_0.created_by_user_id,cpe1_0.document,cpe1_0.email,cpe1_0.first_name,cpe1_0.last_modified_at,cpe1_0.last_modified_by_user_id,cpe1_0.last_name,cpe1_0.loyalty_points,cpe1_0.phone,cpe1_0.promotion_notifications_allowed,cpe1_0.registered_at,cpe1_0.version from "customer" cpe1_0 where cpe1_0.id=?
Hibernate: insert into "customer" (address_city,address_complement,address_neighborhood,address_number,address_state,address_street,address_zip_code,archived,archived_at,birth_date,created_by_user_id,document,email,first_name,last_modified_at,last_modified_by_user_id,last_name,loyalty_points,phone,promotion_notifications_allowed,registered_at,version,id) values (?,?,?,?,?,?,?,?,?,?,?,?,?,?,?,?,?,?,?,?,?,?,?)
Hibernate: select ope1_0.id,ope1_0.billing_address_city,ope1_0.billing_address_complement,ope1_0.billing_address_neighborhood,ope1_0.billing_address_number,ope1_0.billing_address_state,ope1_0.billing_address_street,ope1_0.billing_address_zip_code,ope1_0.billing_document,ope1_0.billing_first_name,ope1_0.billing_last_name,ope1_0.billing_phone,ope1_0.canceled_at,ope1_0.created_by_user_id,ope1_0."customer_id",c1_0.id,c1_0.address_city,c1_0.address_complement,c1_0.address_neighborhood,c1_0.address_number,c1_0.address_state,c1_0.address_street,c1_0.address_zip_code,c1_0.archived,c1_0.archived_at,c1_0.birth_date,c1_0.created_by_user_id,c1_0.document,c1_0.email,c1_0.first_name,c1_0.last_modified_at,c1_0.last_modified_by_user_id,c1_0.last_name,c1_0.loyalty_points,c1_0.phone,c1_0.promotion_notifications_allowed,c1_0.registered_at,c1_0.version,ope1_0.last_modified_at,ope1_0.last_modified_by_user_id,ope1_0.paid_at,ope1_0.payment_method,ope1_0.placed_at,ope1_0.ready_at,ope1_0.shipping_address_city,ope1_0.shipping_address_complement,ope1_0.shipping_address_neighborhood,ope1_0.shipping_address_number,ope1_0.shipping_address_state,ope1_0.shipping_address_street,ope1_0.shipping_address_zip_code,ope1_0.shipping_cost,ope1_0.shipping_expected_date,ope1_0.shipping_recipient_document,ope1_0.shipping_recipient_first_name,ope1_0.shipping_recipient_last_name,ope1_0.shipping_recipient_phone,ope1_0.status,ope1_0.total_amount,ope1_0.total_items,ope1_0.version from "order" ope1_0 join "customer" c1_0 on c1_0.id=ope1_0."customer_id" where ope1_0.id=?
Hibernate: insert into "order" (billing_address_city,billing_address_complement,billing_address_neighborhood,billing_address_number,billing_address_state,billing_address_street,billing_address_zip_code,billing_document,billing_first_name,billing_last_name,billing_phone,canceled_at,created_by_user_id,"customer_id",last_modified_at,last_modified_by_user_id,paid_at,payment_method,placed_at,ready_at,shipping_address_city,shipping_address_complement,shipping_address_neighborhood,shipping_address_number,shipping_address_state,shipping_address_street,shipping_address_zip_code,shipping_cost,shipping_expected_date,shipping_recipient_document,shipping_recipient_first_name,shipping_recipient_last_name,shipping_recipient_phone,status,total_amount,total_items,version,id) values (?,?,?,?,?,?,?,?,?,?,?,?,?,?,?,?,?,?,?,?,?,?,?,?,?,?,?,?,?,?,?,?,?,?,?,?,?,?)
Hibernate: insert into order_item ("order_id",price,product_id,product_name,quantity,total_amount,id) values (?,?,?,?,?,?,?)
Hibernate: insert into order_item ("order_id",price,product_id,product_name,quantity,total_amount,id) values (?,?,?,?,?,?,?)
Hibernate: select ope1_0.id,ope1_0.billing_address_city,ope1_0.billing_address_complement,ope1_0.billing_address_neighborhood,ope1_0.billing_address_number,ope1_0.billing_address_state,ope1_0.billing_address_street,ope1_0.billing_address_zip_code,ope1_0.billing_document,ope1_0.billing_first_name,ope1_0.billing_last_name,ope1_0.billing_phone,ope1_0.canceled_at,ope1_0.created_by_user_id,ope1_0."customer_id",c1_0.id,c1_0.address_city,c1_0.address_complement,c1_0.address_neighborhood,c1_0.address_number,c1_0.address_state,c1_0.address_street,c1_0.address_zip_code,c1_0.archived,c1_0.archived_at,c1_0.birth_date,c1_0.created_by_user_id,c1_0.document,c1_0.email,c1_0.first_name,c1_0.last_modified_at,c1_0.last_modified_by_user_id,c1_0.last_name,c1_0.loyalty_points,c1_0.phone,c1_0.promotion_notifications_allowed,c1_0.registered_at,c1_0.version,i1_0."order_id",i1_0.id,i1_0.price,i1_0.product_id,i1_0.product_name,i1_0.quantity,i1_0.total_amount,ope1_0.last_modified_at,ope1_0.last_modified_by_user_id,ope1_0.paid_at,ope1_0.payment_method,ope1_0.placed_at,ope1_0.ready_at,ope1_0.shipping_address_city,ope1_0.shipping_address_complement,ope1_0.shipping_address_neighborhood,ope1_0.shipping_address_number,ope1_0.shipping_address_state,ope1_0.shipping_address_street,ope1_0.shipping_address_zip_code,ope1_0.shipping_cost,ope1_0.shipping_expected_date,ope1_0.shipping_recipient_document,ope1_0.shipping_recipient_first_name,ope1_0.shipping_recipient_last_name,ope1_0.shipping_recipient_phone,ope1_0.status,ope1_0.total_amount,ope1_0.total_items,ope1_0.version from "order" ope1_0 join "customer" c1_0 on c1_0.id=ope1_0."customer_id" left join order_item i1_0 on ope1_0.id=i1_0."order_id" where ope1_0.id=?
Hibernate: update "order" set billing_address_city=?,billing_address_complement=?,billing_address_neighborhood=?,billing_address_number=?,billing_address_state=?,billing_address_street=?,billing_address_zip_code=?,billing_document=?,billing_first_name=?,billing_last_name=?,billing_phone=?,canceled_at=?,created_by_user_id=?,"customer_id"=?,last_modified_at=?,last_modified_by_user_id=?,paid_at=?,payment_method=?,placed_at=?,ready_at=?,shipping_address_city=?,shipping_address_complement=?,shipping_address_neighborhood=?,shipping_address_number=?,shipping_address_state=?,shipping_address_street=?,shipping_address_zip_code=?,shipping_cost=?,shipping_expected_date=?,shipping_recipient_document=?,shipping_recipient_first_name=?,shipping_recipient_last_name=?,shipping_recipient_phone=?,status=?,total_amount=?,total_items=?,version=? where id=? and version=?
Hibernate: select count(*) from "customer" cpe1_0 where cpe1_0.id=?
Hibernate: select cpe1_0.id,cpe1_0.address_city,cpe1_0.address_complement,cpe1_0.address_neighborhood,cpe1_0.address_number,cpe1_0.address_state,cpe1_0.address_street,cpe1_0.address_zip_code,cpe1_0.archived,cpe1_0.archived_at,cpe1_0.birth_date,cpe1_0.created_by_user_id,cpe1_0.document,cpe1_0.email,cpe1_0.first_name,cpe1_0.last_modified_at,cpe1_0.last_modified_by_user_id,cpe1_0.last_name,cpe1_0.loyalty_points,cpe1_0.phone,cpe1_0.promotion_notifications_allowed,cpe1_0.registered_at,cpe1_0.version from "customer" cpe1_0 where cpe1_0.id=?
Hibernate: insert into "customer" (address_city,address_complement,address_neighborhood,address_number,address_state,address_street,address_zip_code,archived,archived_at,birth_date,created_by_user_id,document,email,first_name,last_modified_at,last_modified_by_user_id,last_name,loyalty_points,phone,promotion_notifications_allowed,registered_at,version,id) values (?,?,?,?,?,?,?,?,?,?,?,?,?,?,?,?,?,?,?,?,?,?,?)
Hibernate: select ope1_0.id,ope1_0.billing_address_city,ope1_0.billing_address_complement,ope1_0.billing_address_neighborhood,ope1_0.billing_address_number,ope1_0.billing_address_state,ope1_0.billing_address_street,ope1_0.billing_address_zip_code,ope1_0.billing_document,ope1_0.billing_first_name,ope1_0.billing_last_name,ope1_0.billing_phone,ope1_0.canceled_at,ope1_0.created_by_user_id,ope1_0."customer_id",c1_0.id,c1_0.address_city,c1_0.address_complement,c1_0.address_neighborhood,c1_0.address_number,c1_0.address_state,c1_0.address_street,c1_0.address_zip_code,c1_0.archived,c1_0.archived_at,c1_0.birth_date,c1_0.created_by_user_id,c1_0.document,c1_0.email,c1_0.first_name,c1_0.last_modified_at,c1_0.last_modified_by_user_id,c1_0.last_name,c1_0.loyalty_points,c1_0.phone,c1_0.promotion_notifications_allowed,c1_0.registered_at,c1_0.version,ope1_0.last_modified_at,ope1_0.last_modified_by_user_id,ope1_0.paid_at,ope1_0.payment_method,ope1_0.placed_at,ope1_0.ready_at,ope1_0.shipping_address_city,ope1_0.shipping_address_complement,ope1_0.shipping_address_neighborhood,ope1_0.shipping_address_number,ope1_0.shipping_address_state,ope1_0.shipping_address_street,ope1_0.shipping_address_zip_code,ope1_0.shipping_cost,ope1_0.shipping_expected_date,ope1_0.shipping_recipient_document,ope1_0.shipping_recipient_first_name,ope1_0.shipping_recipient_last_name,ope1_0.shipping_recipient_phone,ope1_0.status,ope1_0.total_amount,ope1_0.total_items,ope1_0.version from "order" ope1_0 join "customer" c1_0 on c1_0.id=ope1_0."customer_id" where ope1_0.id=?
Hibernate: insert into "order" (billing_address_city,billing_address_complement,billing_address_neighborhood,billing_address_number,billing_address_state,billing_address_street,billing_address_zip_code,billing_document,billing_first_name,billing_last_name,billing_phone,canceled_at,created_by_user_id,"customer_id",last_modified_at,last_modified_by_user_id,paid_at,payment_method,placed_at,ready_at,shipping_address_city,shipping_address_complement,shipping_address_neighborhood,shipping_address_number,shipping_address_state,shipping_address_street,shipping_address_zip_code,shipping_cost,shipping_expected_date,shipping_recipient_document,shipping_recipient_first_name,shipping_recipient_last_name,shipping_recipient_phone,status,total_amount,total_items,version,id) values (?,?,?,?,?,?,?,?,?,?,?,?,?,?,?,?,?,?,?,?,?,?,?,?,?,?,?,?,?,?,?,?,?,?,?,?,?,?)
Hibernate: insert into order_item ("order_id",price,product_id,product_name,quantity,total_amount,id) values (?,?,?,?,?,?,?)
Hibernate: insert into order_item ("order_id",price,product_id,product_name,quantity,total_amount,id) values (?,?,?,?,?,?,?)
Hibernate: select count(*) from "customer" cpe1_0 where cpe1_0.id=?
Hibernate: select cpe1_0.id,cpe1_0.address_city,cpe1_0.address_complement,cpe1_0.address_neighborhood,cpe1_0.address_number,cpe1_0.address_state,cpe1_0.address_street,cpe1_0.address_zip_code,cpe1_0.archived,cpe1_0.archived_at,cpe1_0.birth_date,cpe1_0.created_by_user_id,cpe1_0.document,cpe1_0.email,cpe1_0.first_name,cpe1_0.last_modified_at,cpe1_0.last_modified_by_user_id,cpe1_0.last_name,cpe1_0.loyalty_points,cpe1_0.phone,cpe1_0.promotion_notifications_allowed,cpe1_0.registered_at,cpe1_0.version from "customer" cpe1_0 where cpe1_0.id=?
Hibernate: insert into "customer" (address_city,address_complement,address_neighborhood,address_number,address_state,address_street,address_zip_code,archived,archived_at,birth_date,created_by_user_id,document,email,first_name,last_modified_at,last_modified_by_user_id,last_name,loyalty_points,phone,promotion_notifications_allowed,registered_at,version,id) values (?,?,?,?,?,?,?,?,?,?,?,?,?,?,?,?,?,?,?,?,?,?,?)
Hibernate: select ope1_0.id,ope1_0.billing_address_city,ope1_0.billing_address_complement,ope1_0.billing_address_neighborhood,ope1_0.billing_address_number,ope1_0.billing_address_state,ope1_0.billing_address_street,ope1_0.billing_address_zip_code,ope1_0.billing_document,ope1_0.billing_first_name,ope1_0.billing_last_name,ope1_0.billing_phone,ope1_0.canceled_at,ope1_0.created_by_user_id,ope1_0."customer_id",c1_0.id,c1_0.address_city,c1_0.address_complement,c1_0.address_neighborhood,c1_0.address_number,c1_0.address_state,c1_0.address_street,c1_0.address_zip_code,c1_0.archived,c1_0.archived_at,c1_0.birth_date,c1_0.created_by_user_id,c1_0.document,c1_0.email,c1_0.first_name,c1_0.last_modified_at,c1_0.last_modified_by_user_id,c1_0.last_name,c1_0.loyalty_points,c1_0.phone,c1_0.promotion_notifications_allowed,c1_0.registered_at,c1_0.version,ope1_0.last_modified_at,ope1_0.last_modified_by_user_id,ope1_0.paid_at,ope1_0.payment_method,ope1_0.placed_at,ope1_0.ready_at,ope1_0.shipping_address_city,ope1_0.shipping_address_complement,ope1_0.shipping_address_neighborhood,ope1_0.shipping_address_number,ope1_0.shipping_address_state,ope1_0.shipping_address_street,ope1_0.shipping_address_zip_code,ope1_0.shipping_cost,ope1_0.shipping_expected_date,ope1_0.shipping_recipient_document,ope1_0.shipping_recipient_first_name,ope1_0.shipping_recipient_last_name,ope1_0.shipping_recipient_phone,ope1_0.status,ope1_0.total_amount,ope1_0.total_items,ope1_0.version from "order" ope1_0 join "customer" c1_0 on c1_0.id=ope1_0."customer_id" where ope1_0.id=?
Hibernate: insert into "order" (billing_address_city,billing_address_complement,billing_address_neighborhood,billing_address_number,billing_address_state,billing_address_street,billing_address_zip_code,billing_document,billing_first_name,billing_last_name,billing_phone,canceled_at,created_by_user_id,"customer_id",last_modified_at,last_modified_by_user_id,paid_at,payment_method,placed_at,ready_at,shipping_address_city,shipping_address_complement,shipping_address_neighborhood,shipping_address_number,shipping_address_state,shipping_address_street,shipping_address_zip_code,shipping_cost,shipping_expected_date,shipping_recipient_document,shipping_recipient_first_name,shipping_recipient_last_name,shipping_recipient_phone,status,total_amount,total_items,version,id) values (?,?,?,?,?,?,?,?,?,?,?,?,?,?,?,?,?,?,?,?,?,?,?,?,?,?,?,?,?,?,?,?,?,?,?,?,?,?)
Hibernate: insert into order_item ("order_id",price,product_id,product_name,quantity,total_amount,id) values (?,?,?,?,?,?,?)
Hibernate: insert into order_item ("order_id",price,product_id,product_name,quantity,total_amount,id) values (?,?,?,?,?,?,?)
Hibernate: select count(*) from "customer" cpe1_0 where cpe1_0.id=?
Hibernate: select cpe1_0.id,cpe1_0.address_city,cpe1_0.address_complement,cpe1_0.address_neighborhood,cpe1_0.address_number,cpe1_0.address_state,cpe1_0.address_street,cpe1_0.address_zip_code,cpe1_0.archived,cpe1_0.archived_at,cpe1_0.birth_date,cpe1_0.created_by_user_id,cpe1_0.document,cpe1_0.email,cpe1_0.first_name,cpe1_0.last_modified_at,cpe1_0.last_modified_by_user_id,cpe1_0.last_name,cpe1_0.loyalty_points,cpe1_0.phone,cpe1_0.promotion_notifications_allowed,cpe1_0.registered_at,cpe1_0.version from "customer" cpe1_0 where cpe1_0.id=?
Hibernate: insert into "customer" (address_city,address_complement,address_neighborhood,address_number,address_state,address_street,address_zip_code,archived,archived_at,birth_date,created_by_user_id,document,email,first_name,last_modified_at,last_modified_by_user_id,last_name,loyalty_points,phone,promotion_notifications_allowed,registered_at,version,id) values (?,?,?,?,?,?,?,?,?,?,?,?,?,?,?,?,?,?,?,?,?,?,?)
Hibernate: select ope1_0.id,ope1_0.billing_address_city,ope1_0.billing_address_complement,ope1_0.billing_address_neighborhood,ope1_0.billing_address_number,ope1_0.billing_address_state,ope1_0.billing_address_street,ope1_0.billing_address_zip_code,ope1_0.billing_document,ope1_0.billing_first_name,ope1_0.billing_last_name,ope1_0.billing_phone,ope1_0.canceled_at,ope1_0.created_by_user_id,ope1_0."customer_id",c1_0.id,c1_0.address_city,c1_0.address_complement,c1_0.address_neighborhood,c1_0.address_number,c1_0.address_state,c1_0.address_street,c1_0.address_zip_code,c1_0.archived,c1_0.archived_at,c1_0.birth_date,c1_0.created_by_user_id,c1_0.document,c1_0.email,c1_0.first_name,c1_0.last_modified_at,c1_0.last_modified_by_user_id,c1_0.last_name,c1_0.loyalty_points,c1_0.phone,c1_0.promotion_notifications_allowed,c1_0.registered_at,c1_0.version,ope1_0.last_modified_at,ope1_0.last_modified_by_user_id,ope1_0.paid_at,ope1_0.payment_method,ope1_0.placed_at,ope1_0.ready_at,ope1_0.shipping_address_city,ope1_0.shipping_address_complement,ope1_0.shipping_address_neighborhood,ope1_0.shipping_address_number,ope1_0.shipping_address_state,ope1_0.shipping_address_street,ope1_0.shipping_address_zip_code,ope1_0.shipping_cost,ope1_0.shipping_expected_date,ope1_0.shipping_recipient_document,ope1_0.shipping_recipient_first_name,ope1_0.shipping_recipient_last_name,ope1_0.shipping_recipient_phone,ope1_0.status,ope1_0.total_amount,ope1_0.total_items,ope1_0.version from "order" ope1_0 join "customer" c1_0 on c1_0.id=ope1_0."customer_id" where ope1_0.id=?
Hibernate: insert into "order" (billing_address_city,billing_address_complement,billing_address_neighborhood,billing_address_number,billing_address_state,billing_address_street,billing_address_zip_code,billing_document,billing_first_name,billing_last_name,billing_phone,canceled_at,created_by_user_id,"customer_id",last_modified_at,last_modified_by_user_id,paid_at,payment_method,placed_at,ready_at,shipping_address_city,shipping_address_complement,shipping_address_neighborhood,shipping_address_number,shipping_address_state,shipping_address_street,shipping_address_zip_code,shipping_cost,shipping_expected_date,shipping_recipient_document,shipping_recipient_first_name,shipping_recipient_last_name,shipping_recipient_phone,status,total_amount,total_items,version,id) values (?,?,?,?,?,?,?,?,?,?,?,?,?,?,?,?,?,?,?,?,?,?,?,?,?,?,?,?,?,?,?,?,?,?,?,?,?,?)
Hibernate: insert into order_item ("order_id",price,product_id,product_name,quantity,total_amount,id) values (?,?,?,?,?,?,?)
Hibernate: insert into order_item ("order_id",price,product_id,product_name,quantity,total_amount,id) values (?,?,?,?,?,?,?)
Hibernate: select count(*) from "customer" cpe1_0 where cpe1_0.id=?
Hibernate: select cpe1_0.id,cpe1_0.address_city,cpe1_0.address_complement,cpe1_0.address_neighborhood,cpe1_0.address_number,cpe1_0.address_state,cpe1_0.address_street,cpe1_0.address_zip_code,cpe1_0.archived,cpe1_0.archived_at,cpe1_0.birth_date,cpe1_0.created_by_user_id,cpe1_0.document,cpe1_0.email,cpe1_0.first_name,cpe1_0.last_modified_at,cpe1_0.last_modified_by_user_id,cpe1_0.last_name,cpe1_0.loyalty_points,cpe1_0.phone,cpe1_0.promotion_notifications_allowed,cpe1_0.registered_at,cpe1_0.version from "customer" cpe1_0 where cpe1_0.id=?
Hibernate: insert into "customer" (address_city,address_complement,address_neighborhood,address_number,address_state,address_street,address_zip_code,archived,archived_at,birth_date,created_by_user_id,document,email,first_name,last_modified_at,last_modified_by_user_id,last_name,loyalty_points,phone,promotion_notifications_allowed,registered_at,version,id) values (?,?,?,?,?,?,?,?,?,?,?,?,?,?,?,?,?,?,?,?,?,?,?)
Hibernate: select ope1_0.id,ope1_0.billing_address_city,ope1_0.billing_address_complement,ope1_0.billing_address_neighborhood,ope1_0.billing_address_number,ope1_0.billing_address_state,ope1_0.billing_address_street,ope1_0.billing_address_zip_code,ope1_0.billing_document,ope1_0.billing_first_name,ope1_0.billing_last_name,ope1_0.billing_phone,ope1_0.canceled_at,ope1_0.created_by_user_id,ope1_0."customer_id",c1_0.id,c1_0.address_city,c1_0.address_complement,c1_0.address_neighborhood,c1_0.address_number,c1_0.address_state,c1_0.address_street,c1_0.address_zip_code,c1_0.archived,c1_0.archived_at,c1_0.birth_date,c1_0.created_by_user_id,c1_0.document,c1_0.email,c1_0.first_name,c1_0.last_modified_at,c1_0.last_modified_by_user_id,c1_0.last_name,c1_0.loyalty_points,c1_0.phone,c1_0.promotion_notifications_allowed,c1_0.registered_at,c1_0.version,ope1_0.last_modified_at,ope1_0.last_modified_by_user_id,ope1_0.paid_at,ope1_0.payment_method,ope1_0.placed_at,ope1_0.ready_at,ope1_0.shipping_address_city,ope1_0.shipping_address_complement,ope1_0.shipping_address_neighborhood,ope1_0.shipping_address_number,ope1_0.shipping_address_state,ope1_0.shipping_address_street,ope1_0.shipping_address_zip_code,ope1_0.shipping_cost,ope1_0.shipping_expected_date,ope1_0.shipping_recipient_document,ope1_0.shipping_recipient_first_name,ope1_0.shipping_recipient_last_name,ope1_0.shipping_recipient_phone,ope1_0.status,ope1_0.total_amount,ope1_0.total_items,ope1_0.version from "order" ope1_0 join "customer" c1_0 on c1_0.id=ope1_0."customer_id" where ope1_0.id=?
Hibernate: insert into "order" (billing_address_city,billing_address_complement,billing_address_neighborhood,billing_address_number,billing_address_state,billing_address_street,billing_address_zip_code,billing_document,billing_first_name,billing_last_name,billing_phone,canceled_at,created_by_user_id,"customer_id",last_modified_at,last_modified_by_user_id,paid_at,payment_method,placed_at,ready_at,shipping_address_city,shipping_address_complement,shipping_address_neighborhood,shipping_address_number,shipping_address_state,shipping_address_street,shipping_address_zip_code,shipping_cost,shipping_expected_date,shipping_recipient_document,shipping_recipient_first_name,shipping_recipient_last_name,shipping_recipient_phone,status,total_amount,total_items,version,id) values (?,?,?,?,?,?,?,?,?,?,?,?,?,?,?,?,?,?,?,?,?,?,?,?,?,?,?,?,?,?,?,?,?,?,?,?,?,?)
Hibernate: insert into order_item ("order_id",price,product_id,product_name,quantity,total_amount,id) values (?,?,?,?,?,?,?)
Hibernate: insert into order_item ("order_id",price,product_id,product_name,quantity,total_amount,id) values (?,?,?,?,?,?,?)
Hibernate: select count(*) from "customer" cpe1_0 where cpe1_0.id=?
Hibernate: select cpe1_0.id,cpe1_0.address_city,cpe1_0.address_complement,cpe1_0.address_neighborhood,cpe1_0.address_number,cpe1_0.address_state,cpe1_0.address_street,cpe1_0.address_zip_code,cpe1_0.archived,cpe1_0.archived_at,cpe1_0.birth_date,cpe1_0.created_by_user_id,cpe1_0.document,cpe1_0.email,cpe1_0.first_name,cpe1_0.last_modified_at,cpe1_0.last_modified_by_user_id,cpe1_0.last_name,cpe1_0.loyalty_points,cpe1_0.phone,cpe1_0.promotion_notifications_allowed,cpe1_0.registered_at,cpe1_0.version from "customer" cpe1_0 where cpe1_0.id=?
Hibernate: insert into "customer" (address_city,address_complement,address_neighborhood,address_number,address_state,address_street,address_zip_code,archived,archived_at,birth_date,created_by_user_id,document,email,first_name,last_modified_at,last_modified_by_user_id,last_name,loyalty_points,phone,promotion_notifications_allowed,registered_at,version,id) values (?,?,?,?,?,?,?,?,?,?,?,?,?,?,?,?,?,?,?,?,?,?,?)
Hibernate: select ope1_0.id,ope1_0.billing_address_city,ope1_0.billing_address_complement,ope1_0.billing_address_neighborhood,ope1_0.billing_address_number,ope1_0.billing_address_state,ope1_0.billing_address_street,ope1_0.billing_address_zip_code,ope1_0.billing_document,ope1_0.billing_first_name,ope1_0.billing_last_name,ope1_0.billing_phone,ope1_0.canceled_at,ope1_0.created_by_user_id,ope1_0."customer_id",c1_0.id,c1_0.address_city,c1_0.address_complement,c1_0.address_neighborhood,c1_0.address_number,c1_0.address_state,c1_0.address_street,c1_0.address_zip_code,c1_0.archived,c1_0.archived_at,c1_0.birth_date,c1_0.created_by_user_id,c1_0.document,c1_0.email,c1_0.first_name,c1_0.last_modified_at,c1_0.last_modified_by_user_id,c1_0.last_name,c1_0.loyalty_points,c1_0.phone,c1_0.promotion_notifications_allowed,c1_0.registered_at,c1_0.version,ope1_0.last_modified_at,ope1_0.last_modified_by_user_id,ope1_0.paid_at,ope1_0.payment_method,ope1_0.placed_at,ope1_0.ready_at,ope1_0.shipping_address_city,ope1_0.shipping_address_complement,ope1_0.shipping_address_neighborhood,ope1_0.shipping_address_number,ope1_0.shipping_address_state,ope1_0.shipping_address_street,ope1_0.shipping_address_zip_code,ope1_0.shipping_cost,ope1_0.shipping_expected_date,ope1_0.shipping_recipient_document,ope1_0.shipping_recipient_first_name,ope1_0.shipping_recipient_last_name,ope1_0.shipping_recipient_phone,ope1_0.status,ope1_0.total_amount,ope1_0.total_items,ope1_0.version from "order" ope1_0 join "customer" c1_0 on c1_0.id=ope1_0."customer_id" where ope1_0.id=?
Hibernate: select count(*) from "customer" cpe1_0 where cpe1_0.id=?
Hibernate: select cpe1_0.id,cpe1_0.address_city,cpe1_0.address_complement,cpe1_0.address_neighborhood,cpe1_0.address_number,cpe1_0.address_state,cpe1_0.address_street,cpe1_0.address_zip_code,cpe1_0.archived,cpe1_0.archived_at,cpe1_0.birth_date,cpe1_0.created_by_user_id,cpe1_0.document,cpe1_0.email,cpe1_0.first_name,cpe1_0.last_modified_at,cpe1_0.last_modified_by_user_id,cpe1_0.last_name,cpe1_0.loyalty_points,cpe1_0.phone,cpe1_0.promotion_notifications_allowed,cpe1_0.registered_at,cpe1_0.version from "customer" cpe1_0 where cpe1_0.id=?
Hibernate: insert into "customer" (address_city,address_complement,address_neighborhood,address_number,address_state,address_street,address_zip_code,archived,archived_at,birth_date,created_by_user_id,document,email,first_name,last_modified_at,last_modified_by_user_id,last_name,loyalty_points,phone,promotion_notifications_allowed,registered_at,version,id) values (?,?,?,?,?,?,?,?,?,?,?,?,?,?,?,?,?,?,?,?,?,?,?)
Hibernate: select ope1_0.id,ope1_0.billing_address_city,ope1_0.billing_address_complement,ope1_0.billing_address_neighborhood,ope1_0.billing_address_number,ope1_0.billing_address_state,ope1_0.billing_address_street,ope1_0.billing_address_zip_code,ope1_0.billing_document,ope1_0.billing_first_name,ope1_0.billing_last_name,ope1_0.billing_phone,ope1_0.canceled_at,ope1_0.created_by_user_id,ope1_0."customer_id",c1_0.id,c1_0.address_city,c1_0.address_complement,c1_0.address_neighborhood,c1_0.address_number,c1_0.address_state,c1_0.address_street,c1_0.address_zip_code,c1_0.archived,c1_0.archived_at,c1_0.birth_date,c1_0.created_by_user_id,c1_0.document,c1_0.email,c1_0.first_name,c1_0.last_modified_at,c1_0.last_modified_by_user_id,c1_0.last_name,c1_0.loyalty_points,c1_0.phone,c1_0.promotion_notifications_allowed,c1_0.registered_at,c1_0.version,ope1_0.last_modified_at,ope1_0.last_modified_by_user_id,ope1_0.paid_at,ope1_0.payment_method,ope1_0.placed_at,ope1_0.ready_at,ope1_0.shipping_address_city,ope1_0.shipping_address_complement,ope1_0.shipping_address_neighborhood,ope1_0.shipping_address_number,ope1_0.shipping_address_state,ope1_0.shipping_address_street,ope1_0.shipping_address_zip_code,ope1_0.shipping_cost,ope1_0.shipping_expected_date,ope1_0.shipping_recipient_document,ope1_0.shipping_recipient_first_name,ope1_0.shipping_recipient_last_name,ope1_0.shipping_recipient_phone,ope1_0.status,ope1_0.total_amount,ope1_0.total_items,ope1_0.version from "order" ope1_0 join "customer" c1_0 on c1_0.id=ope1_0."customer_id" where ope1_0.id=?
Hibernate: insert into "order" (billing_address_city,billing_address_complement,billing_address_neighborhood,billing_address_number,billing_address_state,billing_address_street,billing_address_zip_code,billing_document,billing_first_name,billing_last_name,billing_phone,canceled_at,created_by_user_id,"customer_id",last_modified_at,last_modified_by_user_id,paid_at,payment_method,placed_at,ready_at,shipping_address_city,shipping_address_complement,shipping_address_neighborhood,shipping_address_number,shipping_address_state,shipping_address_street,shipping_address_zip_code,shipping_cost,shipping_expected_date,shipping_recipient_document,shipping_recipient_first_name,shipping_recipient_last_name,shipping_recipient_phone,status,total_amount,total_items,version,id) values (?,?,?,?,?,?,?,?,?,?,?,?,?,?,?,?,?,?,?,?,?,?,?,?,?,?,?,?,?,?,?,?,?,?,?,?,?,?)
Hibernate: insert into order_item ("order_id",price,product_id,product_name,quantity,total_amount,id) values (?,?,?,?,?,?,?)
Hibernate: insert into order_item ("order_id",price,product_id,product_name,quantity,total_amount,id) values (?,?,?,?,?,?,?)
Hibernate: select ope1_0.id,ope1_0.billing_address_city,ope1_0.billing_address_complement,ope1_0.billing_address_neighborhood,ope1_0.billing_address_number,ope1_0.billing_address_state,ope1_0.billing_address_street,ope1_0.billing_address_zip_code,ope1_0.billing_document,ope1_0.billing_first_name,ope1_0.billing_last_name,ope1_0.billing_phone,ope1_0.canceled_at,ope1_0.created_by_user_id,ope1_0."customer_id",c1_0.id,c1_0.address_city,c1_0.address_complement,c1_0.address_neighborhood,c1_0.address_number,c1_0.address_state,c1_0.address_street,c1_0.address_zip_code,c1_0.archived,c1_0.archived_at,c1_0.birth_date,c1_0.created_by_user_id,c1_0.document,c1_0.email,c1_0.first_name,c1_0.last_modified_at,c1_0.last_modified_by_user_id,c1_0.last_name,c1_0.loyalty_points,c1_0.phone,c1_0.promotion_notifications_allowed,c1_0.registered_at,c1_0.version,i1_0."order_id",i1_0.id,i1_0.price,i1_0.product_id,i1_0.product_name,i1_0.quantity,i1_0.total_amount,ope1_0.last_modified_at,ope1_0.last_modified_by_user_id,ope1_0.paid_at,ope1_0.payment_method,ope1_0.placed_at,ope1_0.ready_at,ope1_0.shipping_address_city,ope1_0.shipping_address_complement,ope1_0.shipping_address_neighborhood,ope1_0.shipping_address_number,ope1_0.shipping_address_state,ope1_0.shipping_address_street,ope1_0.shipping_address_zip_code,ope1_0.shipping_cost,ope1_0.shipping_expected_date,ope1_0.shipping_recipient_document,ope1_0.shipping_recipient_first_name,ope1_0.shipping_recipient_last_name,ope1_0.shipping_recipient_phone,ope1_0.status,ope1_0.total_amount,ope1_0.total_items,ope1_0.version from "order" ope1_0 join "customer" c1_0 on c1_0.id=ope1_0."customer_id" left join order_item i1_0 on ope1_0.id=i1_0."order_id" where ope1_0.id=?
Hibernate: update "order" set billing_address_city=?,billing_address_complement=?,billing_address_neighborhood=?,billing_address_number=?,billing_address_state=?,billing_address_street=?,billing_address_zip_code=?,billing_document=?,billing_first_name=?,billing_last_name=?,billing_phone=?,canceled_at=?,created_by_user_id=?,"customer_id"=?,last_modified_at=?,last_modified_by_user_id=?,paid_at=?,payment_method=?,placed_at=?,ready_at=?,shipping_address_city=?,shipping_address_complement=?,shipping_address_neighborhood=?,shipping_address_number=?,shipping_address_state=?,shipping_address_street=?,shipping_address_zip_code=?,shipping_cost=?,shipping_expected_date=?,shipping_recipient_document=?,shipping_recipient_first_name=?,shipping_recipient_last_name=?,shipping_recipient_phone=?,status=?,total_amount=?,total_items=?,version=? where id=? and version=?
Hibernate: select count(*) from "customer" cpe1_0 where cpe1_0.id=?
Hibernate: select cpe1_0.id,cpe1_0.address_city,cpe1_0.address_complement,cpe1_0.address_neighborhood,cpe1_0.address_number,cpe1_0.address_state,cpe1_0.address_street,cpe1_0.address_zip_code,cpe1_0.archived,cpe1_0.archived_at,cpe1_0.birth_date,cpe1_0.created_by_user_id,cpe1_0.document,cpe1_0.email,cpe1_0.first_name,cpe1_0.last_modified_at,cpe1_0.last_modified_by_user_id,cpe1_0.last_name,cpe1_0.loyalty_points,cpe1_0.phone,cpe1_0.promotion_notifications_allowed,cpe1_0.registered_at,cpe1_0.version from "customer" cpe1_0 where cpe1_0.id=?
Hibernate: insert into "customer" (address_city,address_complement,address_neighborhood,address_number,address_state,address_street,address_zip_code,archived,archived_at,birth_date,created_by_user_id,document,email,first_name,last_modified_at,last_modified_by_user_id,last_name,loyalty_points,phone,promotion_notifications_allowed,registered_at,version,id) values (?,?,?,?,?,?,?,?,?,?,?,?,?,?,?,?,?,?,?,?,?,?,?)
Hibernate: select ope1_0.id,ope1_0.billing_address_city,ope1_0.billing_address_complement,ope1_0.billing_address_neighborhood,ope1_0.billing_address_number,ope1_0.billing_address_state,ope1_0.billing_address_street,ope1_0.billing_address_zip_code,ope1_0.billing_document,ope1_0.billing_first_name,ope1_0.billing_last_name,ope1_0.billing_phone,ope1_0.canceled_at,ope1_0.created_by_user_id,ope1_0."customer_id",c1_0.id,c1_0.address_city,c1_0.address_complement,c1_0.address_neighborhood,c1_0.address_number,c1_0.address_state,c1_0.address_street,c1_0.address_zip_code,c1_0.archived,c1_0.archived_at,c1_0.birth_date,c1_0.created_by_user_id,c1_0.document,c1_0.email,c1_0.first_name,c1_0.last_modified_at,c1_0.last_modified_by_user_id,c1_0.last_name,c1_0.loyalty_points,c1_0.phone,c1_0.promotion_notifications_allowed,c1_0.registered_at,c1_0.version,ope1_0.last_modified_at,ope1_0.last_modified_by_user_id,ope1_0.paid_at,ope1_0.payment_method,ope1_0.placed_at,ope1_0.ready_at,ope1_0.shipping_address_city,ope1_0.shipping_address_complement,ope1_0.shipping_address_neighborhood,ope1_0.shipping_address_number,ope1_0.shipping_address_state,ope1_0.shipping_address_street,ope1_0.shipping_address_zip_code,ope1_0.shipping_cost,ope1_0.shipping_expected_date,ope1_0.shipping_recipient_document,ope1_0.shipping_recipient_first_name,ope1_0.shipping_recipient_last_name,ope1_0.shipping_recipient_phone,ope1_0.status,ope1_0.total_amount,ope1_0.total_items,ope1_0.version from "order" ope1_0 join "customer" c1_0 on c1_0.id=ope1_0."customer_id" where ope1_0.id=?
]]></system-out>
  <system-err><![CDATA[]]></system-err>
</testsuite>
