<?xml version="1.0" encoding="UTF-8"?>
<testsuite name="com.algaworks.algashop.ordering.domain.model.entity.OrderRemoveItemTest" tests="3" skipped="0" failures="0" errors="0" timestamp="2026-05-22T16:12:25.676Z" hostname="192.168.0.54" time="0.003">
  <properties/>
  <testcase name="givenDraftOrder_whenTryToRemoveNoExistingItem_shouldGenerateException()" classname="com.algaworks.algashop.ordering.domain.model.entity.OrderRemoveItemTest" time="0.001"/>
  <testcase name="givenDraftOrder_whenRemoveItem_shouldRecalculate()" classname="com.algaworks.algashop.ordering.domain.model.entity.OrderRemoveItemTest" time="0.001"/>
  <testcase name="givenPlacedOrder_whenTryToRemoveItem_shouldGenerateException()" classname="com.algaworks.algashop.ordering.domain.model.entity.OrderRemoveItemTest" time="0.001"/>
  <system-out><![CDATA[]]></system-out>
  <system-err><![CDATA[]]></system-err>
</testsuite>
