<?xml version="1.0" encoding="UTF-8"?>
<testsuite name="com.algaworks.algashop.ordering.domain.entity.CustomerTest" tests="2" skipped="0" failures="0" errors="0" timestamp="2026-03-17T04:57:27.946Z" hostname="192.168.0.8" time="0.071">
  <properties/>
  <testcase name="given_invalidEMail_whenTryCreateCustomer_shouldGenerateException()" classname="com.algaworks.algashop.ordering.domain.entity.CustomerTest" time="0.07"/>
  <testcase name="given_invalidEMail_whenTryUpdatedCustomer_shouldGenerateException()" classname="com.algaworks.algashop.ordering.domain.entity.CustomerTest" time="0.0"/>
  <system-out><![CDATA[]]></system-out>
  <system-err><![CDATA[]]></system-err>
</testsuite>
