<?xml version="1.0" encoding="UTF-8"?>
<testsuite name="com.algaworks.algashop.ordering.infrastructure.persistence.disassembler.OrderPersistenceEntityDisassemblerTest" tests="1" skipped="0" failures="0" errors="0" timestamp="2026-05-25T04:19:05.887Z" hostname="192.168.0.54" time="0.002">
  <properties/>
  <testcase name="shouldConvertFromPersistence()" classname="com.algaworks.algashop.ordering.infrastructure.persistence.disassembler.OrderPersistenceEntityDisassemblerTest" time="0.002"/>
  <system-out><![CDATA[]]></system-out>
  <system-err><![CDATA[]]></system-err>
</testsuite>
