<?xml version="1.0" encoding="UTF-8"?>
<testsuite name="com.algaworks.algashop.ordering.domain.model.entity.OrderStatusTest" tests="2" skipped="0" failures="0" errors="0" timestamp="2026-05-22T21:10:13.532Z" hostname="192.168.0.54" time="0.001">
  <properties/>
  <testcase name="canNotChangeTo()" classname="com.algaworks.algashop.ordering.domain.model.entity.OrderStatusTest" time="0.0"/>
  <testcase name="canChangeTo()" classname="com.algaworks.algashop.ordering.domain.model.entity.OrderStatusTest" time="0.0"/>
  <system-out><![CDATA[]]></system-out>
  <system-err><![CDATA[]]></system-err>
</testsuite>
