<?xml version="1.0" encoding="UTF-8"?>
<testsuite name="com.algaworks.algashop.ordering.domain.model.entity.OrderCancelTest" tests="3" skipped="0" failures="0" errors="0" timestamp="2026-05-22T20:10:50.030Z" hostname="192.168.0.54" time="0.007">
  <properties/>
  <testcase name="givenEmptyOrder_whenCancel_shouldAllow()" classname="com.algaworks.algashop.ordering.domain.model.entity.OrderCancelTest" time="0.002"/>
  <testcase name="givenFilledOrder_whenCancel_shouldAllow()" classname="com.algaworks.algashop.ordering.domain.model.entity.OrderCancelTest" time="0.003"/>
  <testcase name="givenCanceledOrder_whenCancelAgain_shouldThrowException()" classname="com.algaworks.algashop.ordering.domain.model.entity.OrderCancelTest" time="0.0"/>
  <system-out><![CDATA[]]></system-out>
  <system-err><![CDATA[]]></system-err>
</testsuite>
