<?xml version="1.0" encoding="UTF-8"?>
<testsuite name="com.algaworks.algashop.ordering.infrastructure.persistence.disassembler.OrderPersistenceEntityDisassemblerTest" tests="1" skipped="0" failures="0" errors="0" timestamp="2026-05-22T21:10:14.059Z" hostname="192.168.0.54" time="0.003">
  <properties/>
  <testcase name="shouldConvertFromPersistence()" classname="com.algaworks.algashop.ordering.infrastructure.persistence.disassembler.OrderPersistenceEntityDisassemblerTest" time="0.003"/>
  <system-out><![CDATA[]]></system-out>
  <system-err><![CDATA[]]></system-err>
</testsuite>
