<?xml version="1.0" encoding="UTF-8"?>
<testsuite name="com.algaworks.algashop.ordering.domain.model.entity.OrderMarkAsReadyTest" tests="4" skipped="0" failures="0" errors="0" timestamp="2026-05-22T16:12:25.674Z" hostname="192.168.0.54" time="0.002">
  <properties/>
  <testcase name="givenPaidOrder_whenMarkAsReady_shouldUpdateStatusAndTimestamp()" classname="com.algaworks.algashop.ordering.domain.model.entity.OrderMarkAsReadyTest" time="0.0"/>
  <testcase name="givenPlacedOrder_whenMarkAsReady_shouldThrowExceptionAndNotChangeState()" classname="com.algaworks.algashop.ordering.domain.model.entity.OrderMarkAsReadyTest" time="0.001"/>
  <testcase name="givenDraftOrder_whenMarkAsReady_shouldThrowExceptionAndNotChangeState()" classname="com.algaworks.algashop.ordering.domain.model.entity.OrderMarkAsReadyTest" time="0.0"/>
  <testcase name="givenReadyOrder_whenMarkAsReady_shouldThrowExceptionAndNotChangeState()" classname="com.algaworks.algashop.ordering.domain.model.entity.OrderMarkAsReadyTest" time="0.001"/>
  <system-out><![CDATA[]]></system-out>
  <system-err><![CDATA[]]></system-err>
</testsuite>
