<?xml version="1.0" encoding="UTF-8"?>
<testsuite name="com.algaworks.algashop.ordering.domain.model.service.CustomerLoyaltyPointsServiceTest" tests="2" skipped="0" failures="0" errors="0" timestamp="2026-05-22T20:10:50.090Z" hostname="192.168.0.54" time="0.001">
  <properties/>
  <testcase name="givenValidCustomerAndOrderWithLowTotalAmount_WhenAddingPoints_ShouldNotAccumulate()" classname="com.algaworks.algashop.ordering.domain.model.service.CustomerLoyaltyPointsServiceTest" time="0.0"/>
  <testcase name="givenValidCustomerAndOrder_WhenAddingPoints_ShouldAccumulate()" classname="com.algaworks.algashop.ordering.domain.model.service.CustomerLoyaltyPointsServiceTest" time="0.0"/>
  <system-out><![CDATA[]]></system-out>
  <system-err><![CDATA[]]></system-err>
</testsuite>
