<?xml version="1.0" encoding="UTF-8"?>
<testsuite name="com.algaworks.algashop.ordering.domain.model.factory.OrderFactoryTest" tests="1" skipped="0" failures="0" errors="0" timestamp="2026-05-22T16:12:25.715Z" hostname="192.168.0.54" time="0.001">
  <properties/>
  <testcase name="shouldGenerateFilledOrderThatCanBePlaced()" classname="com.algaworks.algashop.ordering.domain.model.factory.OrderFactoryTest" time="0.001"/>
  <system-out><![CDATA[]]></system-out>
  <system-err><![CDATA[]]></system-err>
</testsuite>
