<?xml version="1.0" encoding="UTF-8"?>
<testsuite name="com.algaworks.algashop.ordering.domain.model.service.CheckoutServiceTest" tests="4" skipped="0" failures="0" errors="0" timestamp="2026-05-22T20:10:50.086Z" hostname="192.168.0.54" time="0.002">
  <properties/>
  <testcase name="givenValidShoppingCart_whenCheckout_shouldReturnPlacedOrderAndEmptyShoppingCart()" classname="com.algaworks.algashop.ordering.domain.model.service.CheckoutServiceTest" time="0.001"/>
  <testcase name="givenShoppingCartWithUnavailableItems_whenCheckout_shouldThrowShoppingCartCantProceedToCheckoutException()" classname="com.algaworks.algashop.ordering.domain.model.service.CheckoutServiceTest" time="0.0"/>
  <testcase name="givenEmptyShoppingCart_whenCheckout_shouldThrowShoppingCartCantProceedToCheckoutException()" classname="com.algaworks.algashop.ordering.domain.model.service.CheckoutServiceTest" time="0.001"/>
  <testcase name="givenShoppingCartWithUnavailableItems_whenCheckout_shouldNotModifyShoppingCartState()" classname="com.algaworks.algashop.ordering.domain.model.service.CheckoutServiceTest" time="0.0"/>
  <system-out><![CDATA[]]></system-out>
  <system-err><![CDATA[]]></system-err>
</testsuite>
